1 969 A
969 2401 A
2401 6282 A
6282 6283 C
6283 6284 G
6284 6285 G
6285 6286 T
6286 6287 T
6287 6288 A
6288 6289 T
6289 6290 A
6290 6291 A
6291 6292 G
6292 6293 C
6293 6294 C
6294 6295 A
6295 6296 C
6296 6297 T
6297 6298 C
6298 6299 T
6299 6300 G
6300 6301 G
6301 6302 T
6302 6303 A
6303 6304 G
6304 6305 C
6305 6306 C
6306 6307 G
6307 6308 T
6308 6309 C
6309 6310 T
6310 6311 A
6311 6312 T
6312 6313 A
6313 6314 T
6314 6315 T
6315 6316 T
6316 6317 G
6317 6318 T
6318 6319 G
6319 6320 G
6320 6321 C
6321 6322 A
6322 6323 A
6323 6324 T
6324 6325 T
6325 6326 G
6326 6327 T
6327 6328 C
6328 6329 T
6329 6330 G
6330 6331 G
6331 6332 G
6332 6333 A
6333 6334 C
6334 6335 G
6335 6336 G
6336 6337 G
6337 6338 A
6338 6339 A
6339 6340 T
6340 6341 A
6341 6342 G
6342 6343 G
6343 6344 G
6344 6345 C
6345 6346 T
6346 6347 A
6347 6348 G
6348 6349 C
6349 6350 C
6350 6351 G
6351 6352 C
6352 6353 A
6353 6354 A
6354 6355 C
6355 6356 G
6356 6357 C
6357 6358 C
6358 6359 G
6359 6360 T
6360 6361 A
6361 6362 A
6362 6363 A
6363 6364 C
6364 6365 A
6365 6366 C
6366 6367 C
6367 6368 T
6368 6369 G
6369 6370 G
6370 6371 G
6371 6372 A
6372 6373 C
6373 6374 C
6374 6375 G
6375 6376 C
6376 6377 G
2401 3091 C
3091 3092 A
3092 3093 C
3093 3094 C
3094 3095 A
3095 3096 C
3096 3097 G
3097 3098 C
3098 3099 C
3099 3100 C
3100 3101 T
3101 3102 G
3102 3103 T
3103 3104 T
3104 3105 A
3105 3106 A
3106 3107 T
3107 3108 G
3108 3109 C
3109 3110 G
3110 3111 A
3111 3112 G
3112 3113 C
3113 3114 T
3114 3115 A
3115 3116 C
3116 3117 T
3117 3118 C
3118 3119 C
3119 3120 T
3120 3121 G
3121 3122 T
3122 3123 A
3123 3124 G
3124 3125 C
3125 3126 A
3126 3127 C
3127 3128 G
3128 3129 A
3129 3130 C
3130 3131 G
3131 3132 G
3132 3133 C
3133 3134 C
3134 3135 G
3135 3136 G
3136 3137 G
3137 3138 G
3138 3139 T
3139 3140 C
3140 3141 C
3141 3142 G
3142 3143 A
3143 3144 T
3144 3145 T
3145 3146 C
3146 3147 G
3147 3148 C
3148 3149 A
3149 3150 C
3150 3151 C
3151 3152 T
3152 3153 C
3153 3154 A
3154 3155 A
3155 3156 T
3156 3157 A
3157 3158 A
3158 3159 T
3159 3160 T
3160 3161 C
3161 3162 T
3162 3163 G
3163 3164 A
3164 3165 T
3165 3166 C
3166 3167 A
3167 3168 G
3168 3169 G
3169 3170 G
3170 3171 T
3171 3172 C
3172 3173 A
3173 3174 T
3174 3175 C
3175 3176 C
3092 6378 G
6378 6379 T
6379 6380 T
6380 6381 C
6381 6382 T
6382 6383 C
6383 6384 T
6384 6385 T
6385 6386 C
6386 6387 C
6387 6388 A
6388 6389 G
6389 6390 T
6390 6391 C
6391 6392 C
6392 6393 C
6393 6394 T
6394 6395 C
6395 6396 G
6396 6397 G
6397 6398 G
6398 6399 C
6399 6400 C
6400 6401 G
6401 6402 C
6402 6403 T
6403 6404 C
6404 6405 G
6405 6406 C
6406 6407 A
6407 6408 T
6408 6409 T
6409 6410 G
6410 6411 G
6411 6412 G
6412 6413 A
6413 6414 G
6414 6415 G
6415 6416 C
6416 6417 C
6417 6418 A
6418 6419 C
6419 6420 G
6420 6421 G
6421 6422 T
6422 6423 G
6423 6424 C
6424 6425 C
6425 6426 G
6426 6427 C
6427 6428 C
6428 6429 T
6429 6430 C
6430 6431 T
6431 6432 T
6432 6433 C
6433 6434 C
6434 6435 T
6435 6436 G
6436 6437 C
6437 6438 T
6438 6439 C
6439 6440 C
6440 6441 C
6441 6442 T
6442 6443 T
6443 6444 T
6444 6445 G
6445 6446 T
6446 6447 G
6447 6448 A
6448 6449 C
6449 6450 C
6450 6451 A
6451 6452 C
6452 6453 G
6453 6454 G
6454 6455 T
6455 6456 G
6456 6457 C
6457 6458 C
6458 6459 G
6459 6460 A
6460 6461 G
6461 6462 A
6462 6463 G
6463 6464 A
6464 6465 A
6465 6466 A
6466 6467 T
6467 6468 G
6468 6469 G
3091 4698 T
4698 4699 C
4699 4700 A
4700 4701 G
4701 4702 C
4702 4703 T
4703 4704 A
4704 4705 T
4705 4706 T
4706 4707 A
4707 4708 G
4708 4709 T
4709 4710 G
4710 4711 A
4711 4712 T
4712 4713 A
4713 4714 T
4714 4715 C
4715 4716 C
4716 4717 G
4717 4718 A
4718 4719 T
4719 4720 T
4720 4721 G
4721 4722 G
4722 4723 T
4723 4724 A
4724 4725 T
4725 4726 T
4726 4727 G
4727 4728 G
4728 4729 A
4729 4730 G
4730 4731 C
4731 4732 G
4732 4733 G
4733 4734 C
4734 4735 C
4735 4736 G
4736 4737 C
4737 4738 G
4738 4739 T
4739 4740 A
4740 4741 T
4741 4742 C
4742 4743 G
4743 4744 G
4744 4745 T
4745 4746 G
4746 4747 G
4747 4748 G
4748 4749 A
4749 4750 T
4750 4751 T
4751 4752 T
4752 4753 G
4753 4754 T
4754 4755 C
4755 4756 G
4756 4757 T
4757 4758 A
4758 4759 G
4759 4760 A
4760 4761 T
4761 4762 A
4762 4763 C
4763 4764 G
4764 4765 C
4765 4766 C
4766 4767 A
4767 4768 C
4768 4769 G
4769 4770 T
4770 4771 G
4771 4772 G
4772 4773 C
4773 4774 A
4774 4775 A
4775 4776 A
4776 4777 G
4777 4778 C
2401 2402 T
2402 2403 A
2403 2404 T
2404 2405 A
2405 2406 T
2406 2407 A
2407 2408 A
2408 2409 C
2409 2410 G
2410 2411 C
2411 2412 A
2412 2413 G
2413 2414 T
2414 2415 T
2415 2416 C
2416 2417 G
2417 2418 G
2418 2419 T
2419 2420 G
2420 2421 C
2421 2422 A
2422 2423 G
2423 2424 C
2424 2425 T
2425 2426 T
2426 2427 T
2427 2428 T
2428 2429 A
2429 2430 C
2430 2431 G
2431 2432 G
2432 2433 C
2433 2434 C
2434 2435 T
2435 2436 C
2436 2437 G
2437 2438 C
2438 2439 G
2439 2440 C
2440 2441 G
2441 2442 T
2442 2443 G
2443 2444 G
2444 2445 T
2445 2446 G
2446 2447 C
2447 2448 C
2448 2449 T
2449 2450 G
2450 2451 C
2451 2452 G
2452 2453 A
2453 2454 T
2454 2455 T
2455 2456 T
2456 2457 T
2457 2458 G
2458 2459 A
2459 2460 A
2460 2461 T
2461 2462 T
2462 2463 A
2463 2464 T
2464 2465 C
2465 2466 C
2466 2467 G
2467 2468 T
2468 2469 T
2469 2470 G
2470 2471 C
2471 2472 G
2472 2473 A
2473 2474 T
2474 2475 T
2475 2476 T
2476 2477 G
2477 2478 A
2478 2479 T
2479 2480 A
2480 2481 A
2481 2482 G
2482 2483 C
2483 2484 T
2484 2485 A
2485 2486 C
2486 2487 T
2487 2488 G
2488 2489 A
2489 2490 G
2490 2491 C
2402 3536 T
3536 3537 A
3537 3538 G
3538 3539 T
3539 3540 T
3540 3541 G
3541 3542 A
3542 3543 G
3543 3544 C
3544 3545 C
3545 3546 A
3546 3547 A
3547 3548 G
3548 3549 G
3549 3550 A
3550 3551 A
3551 3552 G
3552 3553 C
3553 3554 C
3554 3555 G
3555 3556 G
3556 3557 A
3557 3558 C
3558 3559 T
3559 3560 G
3560 3561 T
3561 3562 G
3562 3563 A
3563 3564 T
3564 3565 T
3565 3566 C
3566 3567 C
3567 3568 A
3568 3569 G
3569 3570 T
3570 3571 C
3571 3572 A
3572 3573 A
3573 3574 A
3574 3575 A
3575 3576 C
3576 3577 C
3577 3578 T
3578 3579 C
3579 3580 T
3580 3581 G
3581 3582 A
3582 3583 T
3583 3584 T
3584 3585 C
3585 3586 T
3586 3587 G
3587 3588 C
3588 3589 G
3589 3590 C
3590 3591 T
3591 3592 T
3592 3593 A
3593 3594 T
3594 3595 T
3595 3596 T
3596 3597 T
3597 3598 C
3598 3599 C
3599 3600 G
3600 3601 G
3601 3602 G
3602 3603 T
3603 3604 G
3604 3605 G
3605 3606 C
3606 3607 T
3607 3608 A
3608 3609 C
3609 3610 G
3610 3611 C
3611 3612 C
3612 3613 G
3613 3614 A
3614 3615 G
3615 3616 A
3616 3617 G
3617 3618 G
3618 3619 C
3619 3620 A
3620 3621 T
3536 7271 C
7271 7272 T
7272 7273 A
7273 7274 A
7274 7275 G
7275 7276 G
7276 7277 C
7277 7278 C
7278 7279 C
7279 7280 C
7280 7281 G
7281 7282 T
7282 7283 T
7283 7284 T
7284 7285 A
7285 7286 C
7286 7287 G
7287 7288 T
7288 7289 C
7289 7290 C
7290 7291 A
7291 7292 A
7292 7293 C
7293 7294 A
7294 7295 T
7295 7296 G
7296 7297 A
7297 7298 C
7298 7299 A
7299 7300 C
7300 7301 T
7301 7302 A
7302 7303 T
7303 7304 A
7304 7305 C
7305 7306 T
7306 7307 T
7307 7308 G
7308 7309 A
7309 7310 G
7310 7311 C
7311 7312 A
7312 7313 G
7313 7314 G
7314 7315 T
7315 7316 A
7316 7317 C
7317 7318 C
7318 7319 G
7319 7320 G
7320 7321 A
7321 7322 G
7322 7323 T
7323 7324 A
7324 7325 G
7325 7326 G
7326 7327 T
7327 7328 G
7328 7329 C
7329 7330 T
7330 7331 A
7331 7332 A
7332 7333 C
7333 7334 G
7334 7335 C
7335 7336 A
7336 7337 A
7337 7338 A
7338 7339 T
7339 7340 A
7340 7341 G
7341 7342 A
7342 7343 A
7343 7344 G
7344 7345 C
7345 7346 C
7346 7347 C
7347 7348 C
7348 7349 A
7349 7350 T
7350 7351 C
7351 7352 G
7352 7353 T
7353 7354 G
7354 7355 A
7355 7356 A
7356 7357 A
2401 2492 G
2492 2999 C
2999 3000 A
3000 3001 A
3001 3002 T
3002 3003 A
3003 3004 C
3004 3005 T
3005 3006 T
3006 3007 T
3007 3008 A
3008 3009 T
3009 3010 C
3010 3011 C
3011 3012 T
3012 3013 T
3013 3014 A
3014 3015 C
3015 3016 T
3016 3017 A
3017 3018 C
3018 3019 G
3019 3020 A
3020 3021 T
3021 3022 A
3022 3023 G
3023 3024 A
3024 3025 C
3025 3026 G
3026 3027 T
3027 3028 A
3028 3029 A
3029 3030 C
3030 3031 T
3031 3032 G
3032 3033 G
3033 3034 T
3034 3035 G
3035 3036 T
3036 3037 A
3037 3038 A
3038 3039 G
3039 3040 G
3040 3041 G
3041 3042 T
3042 3043 C
3043 3044 C
3044 3045 A
3045 3046 G
3046 3047 T
3047 3048 G
3048 3049 C
3049 3050 C
3050 3051 C
3051 3052 G
3052 3053 C
3053 3054 C
3054 3055 T
3055 3056 G
3056 3057 T
3057 3058 G
3058 3059 A
3059 3060 C
3060 3061 G
3061 3062 A
3062 3063 C
3063 3064 C
3064 3065 A
3065 3066 G
3066 3067 G
3067 3068 A
3068 3069 G
3069 3070 T
3070 3071 A
3071 3072 A
3072 3073 C
3073 3074 C
3074 3075 T
3075 3076 T
3076 3077 C
3077 3078 T
3078 3079 C
3079 3080 A
3080 3081 C
3081 3082 G
3082 3083 C
3083 3084 T
3084 3085 T
3085 3086 C
3086 3087 G
3087 3088 C
3088 3089 A
3089 3090 C
2492 2493 G
2493 6012 A
6012 6013 C
6013 6014 T
6014 6015 G
6015 6016 G
6016 6017 C
6017 6018 T
6018 6019 A
6019 6020 G
6020 6021 A
6021 6022 G
6022 6023 T
6023 6024 C
6024 6025 C
6025 6026 A
6026 6027 T
6027 6028 G
6028 6029 C
6029 6030 G
6030 6031 C
6031 6032 C
6032 6033 G
6033 6034 C
6034 6035 A
6035 6036 G
6036 6037 A
6037 6038 A
6038 6039 G
6039 6040 T
6040 6041 T
6041 6042 C
6042 6043 T
6043 6044 A
6044 6045 A
6045 6046 G
6046 6047 T
6047 6048 G
6048 6049 A
6049 6050 G
6050 6051 C
6051 6052 C
6052 6053 A
6053 6054 A
6054 6055 A
6055 6056 C
6056 6057 A
6057 6058 A
6058 6059 T
6059 6060 A
6060 6061 C
6061 6062 T
6062 6063 A
6063 6064 C
6064 6065 T
6065 6066 G
6066 6067 T
6067 6068 C
6068 6069 G
6069 6070 T
6070 6071 T
6071 6072 G
6072 6073 A
6073 6074 A
6074 6075 T
6075 6076 A
6076 6077 G
6077 6078 A
6078 6079 A
6079 6080 C
6080 6081 T
6081 6082 C
6082 6083 C
6083 6084 C
6084 6085 T
6085 6086 T
6086 6087 C
6087 6088 A
6088 6089 C
6089 6090 A
6090 6091 T
6091 6092 G
6092 6093 C
6093 6094 G
6094 6095 C
6095 6096 C
6096 6097 C
6097 6098 A
6098 6099 C
6099 6100 T
6100 6101 A
6101 6102 G
6102 6103 G
6103 6104 A
6104 6105 A
6105 6106 G
6106 6107 C
2493 2494 T
2494 2495 A
2495 2496 C
2496 2497 C
2497 2498 G
2498 2499 T
2499 2500 T
2500 2501 T
2501 2502 A
2502 2503 C
2503 2504 G
2504 2505 G
2505 2506 G
2506 2507 A
2507 2508 C
2508 2509 G
2509 2510 T
2510 2511 C
2511 2512 A
2512 2513 G
2513 2514 G
2514 2515 G
2515 2516 C
2516 2517 A
2517 2518 C
2518 2519 T
2519 2520 G
2520 2521 G
2521 2522 G
2522 2523 T
2523 2524 C
2524 2525 G
2525 2526 G
2526 2527 C
2527 2528 A
2528 2529 C
2529 2530 C
2530 2531 G
2531 2532 C
2532 2533 A
2533 2534 T
2534 2535 C
2535 2536 A
2536 2537 A
2537 2538 T
2538 2539 C
2539 2540 A
2540 2541 A
2541 2542 T
2542 2543 A
2543 2544 T
2544 2545 G
2545 2546 G
2546 2547 G
2547 2548 C
2548 2549 G
2549 2550 C
2550 2551 T
2551 2552 C
2552 2553 C
2553 2554 G
2554 2555 T
2555 2556 A
2556 2557 A
2557 2558 A
2558 2559 G
2559 2560 G
2560 2561 A
2561 2562 A
2562 2563 C
2563 2564 T
2564 2565 C
2565 2566 T
2566 2567 G
2567 2568 C
2568 2569 A
2569 2570 A
2570 2571 T
2571 2572 C
2572 2573 T
2573 2574 G
2574 2575 T
2575 2576 A
2576 2577 A
2577 2578 C
969 970 C
970 971 G
971 972 A
972 973 T
973 974 G
974 975 A
975 976 C
976 977 A
977 978 C
978 979 C
979 980 T
980 981 C
981 982 C
982 983 T
983 984 T
984 985 G
985 986 C
986 987 T
987 988 T
988 989 A
989 990 A
990 991 A
991 992 G
992 993 C
993 994 A
994 995 T
995 996 G
996 997 A
997 998 G
998 999 C
999 1000 G
1000 1001 T
1001 1002 A
1002 1003 A
1003 1004 G
1004 1005 C
1005 1006 T
1006 1007 A
1007 1008 A
1008 1009 C
1009 1010 T
1010 1011 A
1011 1012 C
1012 1013 G
1013 1014 A
1014 1015 C
1015 1016 A
1016 1017 G
1017 1018 T
1018 1019 T
1019 1020 C
1020 1021 T
1021 1022 A
1022 1023 C
1023 1024 A
1024 1025 G
1025 1026 A
1026 1027 G
1027 1028 C
1028 1029 A
1029 1030 G
1030 1031 T
1031 1032 C
1032 1033 G
1033 1034 G
1034 1035 C
1035 1036 A
1036 1037 C
1037 1038 A
1038 1039 C
1039 1040 T
1040 1041 A
1041 1042 G
1042 1043 T
1043 1044 T
1044 1045 A
1045 1046 T
1046 1047 C
1047 1048 G
1048 1049 A
1049 1050 G
1050 1051 G
1051 1052 C
1052 1053 C
1053 1054 C
1054 1055 C
1055 1056 C
1056 1057 T
1057 1058 C
1058 1059 A
1059 1060 A
1060 1061 T
1061 1062 G
1062 1063 A
1063 1064 A
1064 1065 G
969 1162 T
1162 6470 A
6470 6471 T
6471 6472 G
6472 6473 C
6473 6474 A
6474 6475 C
6475 6476 A
6476 6477 A
6477 6478 G
6478 6479 G
6479 6480 A
6480 6481 C
6481 6482 G
6482 6483 A
6483 6484 T
6484 6485 G
6485 6486 T
6486 6487 C
6487 6488 C
6488 6489 T
6489 6490 C
6490 6491 T
6491 6492 G
6492 6493 G
6493 6494 T
6494 6495 G
6495 6496 G
6496 6497 T
6497 6498 C
6498 6499 T
6499 6500 A
6500 6501 G
6501 6502 A
6502 6503 A
6503 6504 C
6504 6505 A
6505 6506 A
6506 6507 C
6507 6508 T
6508 6509 A
6509 6510 T
6510 6511 C
6511 6512 C
6512 6513 C
6513 6514 G
6514 6515 A
6515 6516 T
6516 6517 A
6517 6518 T
6518 6519 C
6519 6520 C
6520 6521 T
6521 6522 G
6522 6523 A
6523 6524 G
6524 6525 T
6525 6526 G
6526 6527 T
6527 6528 G
6528 6529 T
6529 6530 A
6530 6531 G
6531 6532 G
6532 6533 G
6533 6534 G
6534 6535 G
6535 6536 G
6536 6537 T
6537 6538 C
6538 6539 T
6539 6540 C
6540 6541 T
6541 6542 A
6542 6543 G
6543 6544 G
6544 6545 T
6545 6546 C
6546 6547 G
6547 6548 C
6548 6549 A
6549 6550 G
6550 6551 A
6551 6552 G
6552 6553 G
6553 6554 A
6554 6555 T
6555 6556 G
1162 6188 C
6188 6189 C
6189 6190 C
6190 6191 C
6191 6192 A
6192 6193 C
6193 6194 A
6194 6195 C
6195 6196 T
6196 6197 G
6197 6198 G
6198 6199 A
6199 6200 G
6200 6201 T
6201 6202 G
6202 6203 A
6203 6204 T
6204 6205 T
6205 6206 T
6206 6207 G
6207 6208 G
6208 6209 C
6209 6210 A
6210 6211 A
6211 6212 G
6212 6213 A
6213 6214 A
6214 6215 C
6215 6216 G
6216 6217 T
6217 6218 A
6218 6219 A
6219 6220 A
6220 6221 T
6221 6222 C
6222 6223 T
6223 6224 A
6224 6225 A
6225 6226 T
6226 6227 C
6227 6228 A
6228 6229 T
6229 6230 C
6230 6231 C
6231 6232 C
6232 6233 G
6233 6234 A
6234 6235 G
6235 6236 C
6236 6237 C
6237 6238 G
6238 6239 A
6239 6240 T
6240 6241 A
6241 6242 G
6242 6243 C
6243 6244 A
6244 6245 C
6245 6246 C
6246 6247 A
6247 6248 T
6248 6249 C
6249 6250 G
6250 6251 C
6251 6252 G
6252 6253 T
6253 6254 A
6254 6255 C
6255 6256 G
6256 6257 A
6257 6258 C
6258 6259 A
6259 6260 T
6260 6261 G
6261 6262 C
6262 6263 T
6263 6264 C
6264 6265 G
6265 6266 T
6266 6267 A
6267 6268 C
6268 6269 G
6269 6270 A
6270 6271 C
6271 6272 A
6272 6273 T
6273 6274 A
6274 6275 T
6275 6276 G
6276 6277 G
6277 6278 T
6278 6279 A
6279 6280 G
6280 6281 A
1162 1163 T
1163 1164 T
1164 1165 C
1165 1166 G
1166 1167 A
1167 1168 C
1168 1169 A
1169 1170 T
1170 1171 T
1171 1172 A
1172 1173 C
1173 1174 G
1174 1175 C
1175 1176 G
1176 1177 G
1177 1178 A
1178 1179 G
1179 1180 C
1180 1181 G
1181 1182 G
1182 1183 T
1183 1184 G
1184 1185 A
1185 1186 G
1186 1187 C
1187 1188 G
1188 1189 G
1189 1190 C
1190 1191 T
1191 1192 T
1192 1193 T
1193 1194 G
1194 1195 G
1195 1196 C
1196 1197 T
1197 1198 C
1198 1199 C
1199 1200 G
1200 1201 T
1201 1202 T
1202 1203 A
1203 1204 C
1204 1205 A
1205 1206 G
1206 1207 T
1207 1208 C
1208 1209 C
1209 1210 A
1210 1211 C
1211 1212 T
1212 1213 C
1213 1214 A
1214 1215 T
1215 1216 A
1216 1217 A
1217 1218 A
1218 1219 C
1219 1220 C
1220 1221 G
1221 1222 T
1222 1223 A
1223 1224 T
1224 1225 A
1225 1226 T
1226 1227 T
1227 1228 C
1228 1229 T
1229 1230 G
1230 1231 A
1231 1232 G
1232 1233 G
1233 1234 A
1234 1235 G
1235 1236 C
1236 1237 T
1237 1238 C
1238 1239 G
1239 1240 A
1240 1241 A
1241 1242 A
1242 1243 A
1243 1244 A
1244 1245 T
1245 1246 G
1246 1247 G
1162 3622 G
3622 3623 C
3623 3624 A
3624 3625 A
3625 3626 G
3626 3627 A
3627 3628 A
3628 3629 A
3629 3630 A
3630 3631 G
3631 3632 G
3632 3633 A
3633 3634 A
3634 3635 C
3635 3636 C
3636 3637 G
3637 3638 A
3638 3639 A
3639 3640 T
3640 3641 A
3641 3642 C
3642 3643 C
3643 3644 C
3644 3645 C
3645 3646 A
3646 3647 G
3647 3648 C
3648 3649 C
3649 3650 T
3650 3651 G
3651 3652 A
3652 3653 T
3653 3654 A
3654 3655 A
3655 3656 C
3656 3657 A
3657 3658 A
3658 3659 T
3659 3660 G
3660 3661 T
3661 3662 C
3662 3663 C
3663 3664 C
3664 3665 G
3665 3666 A
3666 3667 C
3667 3668 A
3668 3669 C
3669 3670 G
3670 3671 A
3671 3672 A
3672 3673 A
3673 3674 T
3674 3675 G
3675 3676 C
3676 3677 C
3677 3678 C
3678 3679 A
3679 3680 G
3680 3681 A
3681 3682 G
3682 3683 G
3683 3684 G
3684 3685 C
3685 3686 G
3686 3687 T
3687 3688 T
3688 3689 G
3689 3690 A
3690 3691 A
3691 3692 G
3692 3693 T
3693 3694 G
3694 3695 A
3695 3696 T
3696 3697 G
3697 3698 G
3698 3699 G
3699 3700 A
3700 3701 A
3701 3702 G
3702 3703 T
3703 3704 C
3623 4944 C
4944 4945 G
4945 4946 G
4946 4947 G
4947 4948 A
4948 4949 T
4949 4950 C
4950 4951 G
4951 4952 C
4952 4953 A
4953 4954 G
4954 4955 C
4955 4956 C
4956 4957 A
4957 4958 A
4958 4959 G
4959 4960 C
4960 4961 T
4961 4962 C
4962 4963 G
4963 4964 A
4964 4965 C
4965 4966 T
4966 4967 G
4967 4968 G
4968 4969 C
4969 4970 T
4970 4971 C
4971 4972 G
4972 4973 A
4973 4974 T
4974 4975 T
4975 4976 A
4976 4977 T
4977 4978 C
4978 4979 G
4979 4980 T
4980 4981 G
4981 4982 A
4982 4983 G
4983 4984 C
4984 4985 C
4985 4986 T
4986 4987 G
4987 4988 T
4988 4989 A
4989 4990 C
4990 4991 T
4991 4992 G
4992 4993 G
4993 4994 A
4994 4995 T
4995 4996 T
4996 4997 A
4997 4998 G
4998 4999 C
4999 5000 T
5000 5001 A
5001 5002 A
5002 5003 A
5003 5004 C
5004 5005 C
5005 5006 A
5006 5007 T
5007 5008 A
5008 5009 C
5009 5010 C
5010 5011 G
5011 5012 G
5012 5013 A
5013 5014 A
5014 5015 C
5015 5016 G
5016 5017 G
5017 5018 T
5018 5019 G
5019 5020 C
5020 5021 G
5021 5022 A
5022 5023 C
5023 5024 C
5024 5025 G
5025 5026 C
5026 5027 A
5027 5028 C
5028 5029 C
5029 5030 C
5030 5031 T
969 1709 G
1709 2742 A
2742 2743 T
2743 2744 G
2744 2745 A
2745 2746 T
2746 2747 C
2747 2748 G
2748 2749 G
2749 2750 A
2750 2751 T
2751 2752 T
2752 2753 C
2753 2754 C
2754 2755 T
2755 2756 G
2756 2757 C
2757 2758 C
2758 2759 T
2759 2760 C
2760 2761 T
2761 2762 C
2762 2763 A
2763 2764 G
2764 2765 A
2765 2766 G
2766 2767 A
2767 2768 G
2768 2769 T
2769 2770 G
2770 2771 G
2771 2772 T
2772 2773 T
2773 2774 T
2774 2775 T
2775 2776 C
2776 2777 C
2777 2778 G
2778 2779 C
2779 2780 A
2780 2781 G
2781 2782 G
2782 2783 T
2783 2784 A
2784 2785 T
2785 2786 G
2786 2787 C
2787 2788 G
2788 2789 A
2789 2790 C
2790 2791 T
2791 2792 G
2792 2793 C
2793 2794 A
2794 2795 G
2795 2796 T
2796 2797 C
2797 2798 T
2798 2799 C
2799 2800 C
2800 2801 A
2801 2802 C
2802 2803 G
2803 2804 G
2804 2805 T
2805 2806 G
2806 2807 T
2807 2808 C
2808 2809 G
2809 2810 T
2810 2811 G
2811 2812 T
2812 2813 A
2813 2814 C
2814 2815 A
2815 2816 C
2816 2817 C
2817 2818 C
2818 2819 C
2819 2820 G
2820 2821 A
2821 2822 A
2822 2823 C
2823 2824 T
2824 2825 G
2825 2826 G
2826 2827 C
2827 2828 T
2828 2829 A
1709 1710 T
1710 1711 A
1711 1712 T
1712 1713 A
1713 1714 A
1714 1715 G
1715 1716 C
1716 1717 T
1717 1718 A
1718 1719 C
1719 1720 G
1720 1721 G
1721 1722 T
1722 1723 T
1723 1724 G
1724 1725 A
1725 1726 A
1726 1727 G
1727 1728 G
1728 1729 A
1729 1730 C
1730 1731 C
1731 1732 A
1732 1733 A
1733 1734 C
1734 1735 G
1735 1736 G
1736 1737 G
1737 1738 G
1738 1739 A
1739 1740 G
1740 1741 G
1741 1742 C
1742 1743 A
1743 1744 C
1744 1745 C
1745 1746 G
1746 1747 G
1747 1748 C
1748 1749 A
1749 1750 T
1750 1751 T
1751 1752 T
1752 1753 A
1753 1754 G
1754 1755 T
1755 1756 A
1756 1757 T
1757 1758 G
1758 1759 T
1759 1760 A
1760 1761 T
1761 1762 T
1762 1763 G
1763 1764 G
1764 1765 G
1765 1766 C
1766 1767 C
1767 1768 G
1768 1769 C
1769 1770 A
1770 1771 A
1771 1772 G
1772 1773 T
1773 1774 G
1774 1775 T
1775 1776 A
1776 1777 G
1777 1778 G
1778 1779 T
1779 1780 A
1780 1781 C
1781 1782 A
1782 1783 A
1783 1784 A
1784 1785 A
1785 1786 C
1786 1787 T
1787 1788 T
1788 1789 G
1789 1790 T
1790 1791 T
1791 1792 C
1792 1793 T
1793 1794 G
1794 1795 G
1795 1796 T
1796 1797 G
1797 1798 C
1798 1799 C
1799 1800 C
1710 1801 T
1801 1802 A
1802 1803 T
1803 1804 C
1804 1805 C
1805 1806 G
1806 1807 C
1807 1808 T
1808 1809 C
1809 1810 C
1810 1811 G
1811 1812 G
1812 1813 C
1813 1814 T
1814 1815 A
1815 1816 A
1816 1817 G
1817 1818 A
1818 1819 A
1819 1820 A
1820 1821 G
1821 1822 T
1822 1823 G
1823 1824 C
1824 1825 T
1825 1826 T
1826 1827 G
1827 1828 T
1828 1829 G
1829 1830 T
1830 1831 G
1831 1832 A
1832 1833 G
1833 1834 A
1834 1835 A
1835 1836 G
1836 1837 T
1837 1838 C
1838 1839 T
1839 1840 G
1840 1841 A
1841 1842 A
1842 1843 C
1843 1844 T
1844 1845 T
1845 1846 T
1846 1847 A
1847 1848 A
1848 1849 C
1849 1850 A
1850 1851 G
1851 1852 G
1852 1853 A
1853 1854 A
1854 1855 C
1855 1856 T
1856 1857 T
1857 1858 G
1858 1859 A
1859 1860 G
1860 1861 A
1861 1862 C
1862 1863 A
1863 1864 C
1864 1865 A
1865 1866 A
1866 1867 C
1867 1868 C
1868 1869 A
1869 1870 A
1870 1871 G
1871 1872 C
1872 1873 G
1873 1874 T
1874 1875 T
1875 1876 G
1876 1877 G
1877 1878 C
1878 1879 A
1879 1880 C
1880 1881 G
1881 1882 G
1882 1883 G
1883 1884 A
1884 1885 G
1885 1886 C
1709 3446 G
3446 3447 A
3447 3448 G
3448 3449 T
3449 3450 C
3450 3451 C
3451 3452 A
3452 3453 G
3453 3454 C
3454 3455 G
3455 3456 T
3456 3457 A
3457 3458 C
3458 3459 C
3459 3460 T
3460 3461 T
3461 3462 G
3462 3463 A
3463 3464 T
3464 3465 G
3465 3466 A
3466 3467 C
3467 3468 T
3468 3469 C
3469 3470 A
3470 3471 T
3471 3472 T
3472 3473 A
3473 3474 G
3474 3475 A
3475 3476 G
3476 3477 C
3477 3478 G
3478 3479 A
3479 3480 C
3480 3481 C
3481 3482 C
3482 3483 A
3483 3484 G
3484 3485 T
3485 3486 T
3486 3487 G
3487 3488 T
3488 3489 C
3489 3490 G
3490 3491 T
3491 3492 C
3492 3493 T
3493 3494 C
3494 3495 T
3495 3496 T
3496 3497 T
3497 3498 G
3498 3499 G
3499 3500 C
3500 3501 A
3501 3502 A
3502 3503 A
3503 3504 T
3504 3505 C
3505 3506 C
3506 3507 C
3507 3508 T
3508 3509 A
3509 3510 G
3510 3511 G
3511 3512 T
3512 3513 A
3513 3514 G
3514 3515 A
3515 3516 T
3516 3517 T
3517 3518 T
3518 3519 A
3519 3520 G
3520 3521 C
3521 3522 A
3522 3523 T
3523 3524 T
3524 3525 T
3525 3526 A
3526 3527 T
3527 3528 G
3528 3529 G
3529 3530 C
3530 3531 T
3531 3532 A
3532 3533 A
3533 3534 T
3534 3535 C
1 100 C
100 370 A
370 371 A
371 1066 A
1066 1067 A
1067 1068 C
1068 1069 A
1069 1070 T
1070 1071 C
1071 1072 A
1072 1073 T
1073 1074 C
1074 1075 A
1075 1076 T
1076 1077 A
1077 1078 T
1078 1079 G
1079 1080 T
1080 1081 T
1081 1082 A
1082 1083 A
1083 1084 C
1084 1085 T
1085 1086 A
1086 1087 G
1087 1088 G
1088 1089 T
1089 1090 C
1090 1091 G
1091 1092 G
1092 1093 A
1093 1094 G
1094 1095 C
1095 1096 A
1096 1097 G
1097 1098 C
1098 1099 T
1099 1100 G
1100 1101 A
1101 1102 A
1102 1103 G
1103 1104 A
1104 1105 T
1105 1106 A
1106 1107 A
1107 1108 T
1108 1109 G
1109 1110 C
1110 1111 A
1111 1112 C
1112 1113 T
1113 1114 G
1114 1115 A
1115 1116 T
1116 1117 C
1117 1118 C
1118 1119 T
1119 1120 G
1120 1121 C
1121 1122 A
1122 1123 C
1123 1124 G
1124 1125 A
1125 1126 T
1126 1127 C
1127 1128 G
1128 1129 T
1129 1130 T
1130 1131 T
1131 1132 A
1132 1133 A
1133 1134 A
1134 1135 C
1135 1136 G
1136 1137 T
1137 1138 G
1138 1139 A
1139 1140 G
1140 1141 G
1141 1142 C
1142 1143 A
1143 1144 C
1144 1145 G
1145 1146 A
1146 1147 C
1147 1148 A
1148 1149 A
1149 1150 A
1150 1151 A
1151 1152 C
1152 1153 A
1153 1154 G
1154 1155 G
1155 1156 A
1156 1157 T
1157 1158 A
1158 1159 G
1159 1160 T
1160 1161 A
1066 7453 G
7453 7454 A
7454 7455 G
7455 7456 T
7456 7457 G
7457 7458 A
7458 7459 G
7459 7460 G
7460 7461 C
7461 7462 T
7462 7463 A
7463 7464 T
7464 7465 T
7465 7466 A
7466 7467 C
7467 7468 C
7468 7469 C
7469 7470 C
7470 7471 C
7471 7472 A
7472 7473 A
7473 7474 A
7474 7475 A
7475 7476 G
7476 7477 T
7477 7478 T
7478 7479 G
7479 7480 A
7480 7481 T
7481 7482 C
7482 7483 C
7483 7484 G
7484 7485 G
7485 7486 G
7486 7487 A
7487 7488 A
7488 7489 G
7489 7490 G
7490 7491 C
7491 7492 A
7492 7493 C
7493 7494 C
7494 7495 A
7495 7496 G
7496 7497 G
7497 7498 G
7498 7499 G
7499 7500 G
7500 7501 T
7501 7502 C
7502 7503 G
7503 7504 T
7504 7505 C
7505 7506 C
7506 7507 G
7507 7508 A
7508 7509 T
7509 7510 A
7510 7511 T
7511 7512 C
7512 7513 T
7513 7514 G
7514 7515 C
7515 7516 A
7516 7517 G
7517 7518 G
7518 7519 T
7519 7520 C
7520 7521 A
7521 7522 A
7522 7523 T
7523 7524 G
7524 7525 G
7525 7526 T
7526 7527 G
7527 7528 G
7528 7529 A
7529 7530 A
7530 7531 A
7531 7532 A
371 372 C
372 373 C
373 374 C
374 375 G
375 376 A
376 377 T
377 378 T
378 379 G
379 380 T
380 381 A
381 382 C
382 383 T
383 384 G
384 385 A
385 386 T
386 387 T
387 388 T
388 389 C
389 390 T
390 391 A
391 392 G
392 393 T
393 394 G
394 395 G
395 396 C
396 397 T
397 398 G
398 399 T
399 400 C
400 401 A
401 402 C
402 403 T
403 404 G
404 405 C
405 406 G
406 407 T
407 408 T
408 409 C
409 410 T
410 411 T
411 412 G
412 413 G
413 414 G
414 415 G
415 416 T
416 417 A
417 418 G
418 419 C
419 420 T
420 421 C
421 422 A
422 423 A
423 424 C
424 425 T
425 426 T
426 427 A
427 428 G
428 429 G
429 430 T
430 431 A
431 432 A
432 433 G
433 434 T
434 435 T
435 436 C
436 437 C
437 438 A
438 439 G
439 440 C
440 441 G
441 442 C
442 443 A
443 444 C
444 445 C
445 446 A
446 447 G
447 448 C
448 449 T
449 450 G
450 451 A
371 7085 T
7085 7086 C
7086 7087 T
7087 7088 C
7088 7089 A
7089 7090 A
7090 7091 C
7091 7092 C
7092 7093 C
7093 7094 G
7094 7095 C
7095 7096 C
7096 7097 T
7097 7098 G
7098 7099 A
7099 7100 C
7100 7101 T
7101 7102 T
7102 7103 C
7103 7104 A
7104 7105 T
7105 7106 T
7106 7107 A
7107 7108 C
7108 7109 A
7109 7110 C
7110 7111 A
7111 7112 T
7112 7113 T
7113 7114 T
7114 7115 T
7115 7116 A
7116 7117 T
7117 7118 T
7118 7119 C
7119 7120 C
7120 7121 G
7121 7122 C
7122 7123 C
7123 7124 A
7124 7125 A
7125 7126 A
7126 7127 A
7127 7128 C
7128 7129 C
7129 7130 A
7130 7131 A
7131 7132 G
7132 7133 T
7133 7134 G
7134 7135 T
7135 7136 A
7136 7137 T
7137 7138 G
7138 7139 C
7139 7140 A
7140 7141 C
7141 7142 G
7142 7143 A
7143 7144 T
7144 7145 C
7145 7146 C
7146 7147 T
7147 7148 C
7148 7149 C
7149 7150 C
7150 7151 C
7151 7152 A
7152 7153 C
7153 7154 A
7154 7155 C
7155 7156 T
7156 7157 C
7157 7158 G
7158 7159 T
7159 7160 T
7160 7161 T
7161 7162 A
7162 7163 A
7163 7164 T
7164 7165 T
7165 7166 C
7166 7167 G
7167 7168 T
7168 7169 G
7169 7170 A
7170 7171 C
7171 7172 A
7172 7173 A
7173 7174 A
7174 7175 A
370 1526 C
1526 1527 G
1527 1528 G
1528 1529 C
1529 1530 C
1530 1531 T
1531 1532 A
1532 1533 C
1533 1534 G
1534 1535 G
1535 1536 G
1536 1537 T
1537 1538 C
1538 1539 G
1539 1540 T
1540 1541 G
1541 1542 T
1542 1543 A
1543 1544 A
1544 1545 A
1545 1546 A
1546 1547 A
1547 1548 T
1548 1549 T
1549 1550 G
1550 1551 G
1551 1552 C
1552 1553 G
1553 1554 A
1554 1555 C
1555 1556 G
1556 1557 T
1557 1558 C
1558 1559 G
1559 1560 C
1560 1561 A
1561 1562 A
1562 1563 T
1563 1564 C
1564 1565 T
1565 1566 T
1566 1567 G
1567 1568 C
1568 1569 A
1569 1570 T
1570 1571 A
1571 1572 A
1572 1573 G
1573 1574 T
1574 1575 T
1575 1576 A
1576 1577 G
1577 1578 T
1578 1579 T
1579 1580 A
1580 1581 T
1581 1582 T
1582 1583 A
1583 1584 G
1584 1585 T
1585 1586 T
1586 1587 T
1587 1588 G
1588 1589 C
1589 1590 A
1590 1591 A
1591 1592 G
1592 1593 C
1593 1594 A
1594 1595 G
1595 1596 A
1596 1597 G
1597 1598 G
1598 1599 T
1599 1600 A
1600 1601 G
1601 1602 C
1602 1603 C
1603 1604 A
1604 1605 G
1605 1606 G
1606 1607 A
1607 1608 G
1608 1609 A
1609 1610 A
1610 1611 T
1611 1612 C
1612 1613 C
1613 1614 A
1614 1615 T
1615 1616 G
1616 1617 G
1617 1618 T
1618 1619 C
1619 1620 A
370 1248 G
1248 1249 C
1249 1250 G
1250 1251 C
1251 1252 A
1252 1253 A
1253 1254 A
1254 1255 C
1255 1256 A
1256 1257 T
1257 1258 C
1258 1259 T
1259 1260 T
1260 1261 C
1261 1262 T
1262 1263 G
1263 1264 T
1264 1265 T
1265 1266 G
1266 1267 C
1267 1268 T
1268 1269 T
1269 1270 A
1270 1271 T
1271 1272 G
1272 1273 C
1273 1274 G
1274 1275 G
1275 1276 G
1276 1277 G
1277 1278 A
1278 1279 T
1279 1280 G
1280 1281 T
1281 1282 T
1282 1283 C
1283 1284 C
1284 1285 G
1285 1286 A
1286 1287 A
1287 1288 A
1288 1289 T
1289 1290 G
1290 1291 T
1291 1292 G
1292 1293 T
1293 1294 C
1294 1295 T
1295 1296 C
1296 1297 A
1297 1298 T
1298 1299 A
1299 1300 G
1300 1301 G
1301 1302 G
1302 1303 C
1303 1304 G
1304 1305 T
1305 1306 T
1306 1307 G
1307 1308 C
1308 1309 T
1309 1310 G
1310 1311 A
1311 1312 G
1312 1313 C
1313 1314 G
1314 1315 G
1315 1316 C
1316 1317 A
1317 1318 T
1318 1319 A
1319 1320 G
1320 1321 A
1321 1322 T
1322 1323 A
1323 1324 G
1324 1325 C
1325 1326 C
1326 1327 T
1327 1328 A
1328 1329 T
1329 1330 G
1330 1331 A
1331 1332 T
1332 1333 G
1333 1334 T
1334 1335 C
1335 1336 C
1336 1337 C
1337 1338 C
1338 1339 T
1339 1340 G
1340 1341 T
1341 1342 A
1342 1343 T
1343 1344 G
100 1887 C
1887 2133 A
2133 2134 T
2134 2135 T
2135 2136 T
2136 2137 A
2137 2138 C
2138 2139 C
2139 2140 G
2140 2141 A
2141 2142 A
2142 2143 A
2143 2144 A
2144 2145 C
2145 2146 A
2146 2147 G
2147 2148 A
2148 2149 C
2149 2150 C
2150 2151 C
2151 2152 C
2152 2153 T
2153 2154 C
2154 2155 T
2155 2156 T
2156 2157 A
2157 2158 A
2158 2159 C
2159 2160 A
2160 2161 C
2161 2162 A
2162 2163 A
2163 2164 C
2164 2165 A
2165 2166 A
2166 2167 G
2167 2168 T
2168 2169 A
2169 2170 G
2170 2171 T
2171 2172 A
2172 2173 A
2173 2174 A
2174 2175 T
2175 2176 C
2176 2177 C
2177 2178 G
2178 2179 A
2179 2180 G
2180 2181 T
2181 2182 G
2182 2183 A
2183 2184 T
2184 2185 G
2185 2186 T
2186 2187 C
2187 2188 A
2188 2189 C
2189 2190 C
2190 2191 C
2191 2192 G
2192 2193 C
2193 2194 A
2194 2195 A
2195 2196 G
2196 2197 T
2197 2198 G
2198 2199 A
2199 2200 A
2200 2201 T
2201 2202 A
2202 2203 A
2203 2204 C
2204 2205 C
2205 2206 C
2206 2207 A
2207 2208 T
2208 2209 A
2209 2210 T
2210 2211 T
2211 2212 T
2212 2213 T
2213 2214 G
2214 2215 A
2215 2216 C
2216 2217 C
2217 2218 G
2218 2219 G
2219 2220 T
2220 2221 T
2221 2222 G
2222 2223 G
2223 2224 A
1887 2908 C
2908 5485 T
5485 5486 T
5486 5487 A
5487 5488 T
5488 5489 C
5489 5490 A
5490 5491 A
5491 5492 T
5492 5493 A
5493 5494 G
5494 5495 A
5495 5496 A
5496 5497 G
5497 5498 C
5498 5499 A
5499 5500 C
5500 5501 G
5501 5502 A
5502 5503 A
5503 5504 G
5504 5505 G
5505 5506 T
5506 5507 A
5507 5508 G
5508 5509 T
5509 5510 T
5510 5511 C
5511 5512 G
5512 5513 T
5513 5514 G
5514 5515 A
5515 5516 A
5516 5517 T
5517 5518 T
5518 5519 C
5519 5520 A
5520 5521 G
5521 5522 A
5522 5523 G
5523 5524 C
5524 5525 A
5525 5526 A
5526 5527 C
5527 5528 T
5528 5529 G
5529 5530 G
5530 5531 C
5531 5532 C
5532 5533 C
5533 5534 T
5534 5535 G
5535 5536 T
5536 5537 G
5537 5538 G
5538 5539 A
5539 5540 A
5540 5541 C
5541 5542 G
5542 5543 C
5543 5544 T
5544 5545 A
5545 5546 A
5546 5547 G
5547 5548 C
5548 5549 A
5549 5550 G
5550 5551 C
5551 5552 G
5552 5553 A
5553 5554 A
5554 5555 A
5555 5556 A
5556 5557 A
5557 5558 C
5558 5559 A
5559 5560 T
5560 5561 T
5561 5562 T
5562 5563 C
5563 5564 A
2908 2909 G
2909 2910 C
2910 2911 G
2911 2912 A
2912 2913 T
2913 2914 C
2914 2915 T
2915 2916 G
2916 2917 T
2917 2918 C
2918 2919 T
2919 2920 G
2920 2921 C
2921 2922 G
2922 2923 G
2923 2924 C
2924 2925 G
2925 2926 A
2926 2927 C
2927 2928 C
2928 2929 A
2929 2930 G
2930 2931 C
2931 2932 G
2932 2933 T
2933 2934 C
2934 2935 A
2935 2936 G
2936 2937 C
2937 2938 T
2938 2939 T
2939 2940 G
2940 2941 G
2941 2942 T
2942 2943 T
2943 2944 T
2944 2945 A
2945 2946 A
2946 2947 C
2947 2948 A
2948 2949 T
2949 2950 C
2950 2951 G
2951 2952 A
2952 2953 T
2953 2954 A
2954 2955 A
2955 2956 A
2956 2957 C
2957 2958 T
2958 2959 C
2959 2960 T
2960 2961 A
2961 2962 G
2962 2963 C
2963 2964 T
2964 2965 C
2965 2966 C
2966 2967 G
2967 2968 C
2968 2969 G
2969 2970 A
2970 2971 A
2971 2972 G
2972 2973 T
2973 2974 T
2974 2975 C
2975 2976 C
2976 2977 G
2977 2978 T
2978 2979 A
2979 2980 A
2980 2981 G
2981 2982 A
2982 2983 C
2983 2984 T
2984 2985 C
2985 2986 C
2986 2987 C
2987 2988 T
2988 2989 G
2989 2990 G
2990 2991 G
2991 2992 C
2992 2993 T
2993 2994 C
2994 2995 G
2995 2996 C
2996 2997 C
2997 2998 C
1887 1888 G
1888 1889 A
1889 6827 A
6827 6828 G
6828 6829 A
6829 6830 G
6830 6831 T
6831 6832 T
6832 6833 T
6833 6834 A
6834 6835 A
6835 6836 A
6836 6837 A
6837 6838 A
6838 6839 A
6839 6840 G
6840 6841 A
6841 6842 A
6842 6843 T
6843 6844 A
6844 6845 A
6845 6846 G
6846 6847 A
6847 6848 T
6848 6849 T
6849 6850 T
6850 6851 C
6851 6852 C
6852 6853 A
6853 6854 G
6854 6855 C
6855 6856 A
6856 6857 G
6857 6858 G
6858 6859 T
6859 6860 G
6860 6861 C
6861 6862 C
6862 6863 C
6863 6864 C
6864 6865 C
6865 6866 T
6866 6867 G
6867 6868 A
6868 6869 T
6869 6870 C
6870 6871 C
6871 6872 T
6872 6873 G
6873 6874 C
6874 6875 C
6875 6876 G
6876 6877 C
6877 6878 C
6878 6879 C
6879 6880 A
6880 6881 C
6881 6882 A
6882 6883 T
6883 6884 G
6884 6885 A
6885 6886 T
6886 6887 A
6887 6888 G
6888 6889 C
6889 6890 T
6890 6891 G
6891 6892 A
6892 6893 C
6893 6894 G
6894 6895 T
6895 6896 C
6896 6897 A
6897 6898 A
6898 6899 T
6899 6900 T
6900 6901 C
6901 6902 C
6902 6903 A
6903 6904 T
6904 6905 C
6905 6906 C
6906 6907 A
6907 6908 G
1889 1890 G
1890 1891 C
1891 1892 T
1892 1893 G
1893 1894 A
1894 1895 A
1895 1896 T
1896 1897 C
1897 1898 C
1898 1899 G
1899 1900 G
1900 1901 T
1901 1902 C
1902 1903 C
1903 1904 G
1904 1905 G
1905 1906 G
1906 1907 C
1907 1908 T
1908 1909 G
1909 1910 G
1910 1911 A
1911 1912 C
1912 1913 G
1913 1914 C
1914 1915 A
1915 1916 T
1916 1917 T
1917 1918 T
1918 1919 C
1919 1920 T
1920 1921 C
1921 1922 T
1922 1923 T
1923 1924 G
1924 1925 A
1925 1926 G
1926 1927 A
1927 1928 A
1928 1929 C
1929 1930 T
1930 1931 C
1931 1932 C
1932 1933 G
1933 1934 T
1934 1935 G
1935 1936 T
1936 1937 C
1937 1938 T
1938 1939 A
1939 1940 C
1940 1941 C
1941 1942 G
1942 1943 G
1943 1944 C
1944 1945 G
1945 1946 G
1946 1947 G
1947 1948 G
1948 1949 G
1949 1950 C
1950 1951 C
1951 1952 A
1952 1953 T
1953 1954 T
1954 1955 G
1955 1956 G
1956 1957 G
1957 1958 A
1958 1959 T
1959 1960 G
1960 1961 T
1961 1962 C
1962 1963 G
1963 1964 C
1964 1965 A
1965 1966 A
1966 1967 T
1967 1968 C
1968 1969 A
1969 1970 C
100 101 T
101 1971 A
1971 1972 A
1972 1973 A
1973 1974 T
1974 1975 C
1975 1976 T
1976 1977 T
1977 1978 C
1978 1979 A
1979 1980 A
1980 1981 A
1981 1982 G
1982 1983 G
1983 1984 G
1984 1985 C
1985 1986 T
1986 1987 T
1987 1988 A
1988 1989 C
1989 1990 G
1990 1991 A
1991 1992 T
1992 1993 A
1993 1994 C
1994 1995 T
1995 1996 T
1996 1997 C
1997 1998 C
1998 1999 G
1999 2000 G
2000 2001 C
2001 2002 C
2002 2003 G
2003 2004 G
2004 2005 A
2005 2006 G
2006 2007 G
2007 2008 G
2008 2009 C
2009 2010 A
2010 2011 T
2011 2012 G
2012 2013 C
2013 2014 T
2014 2015 T
2015 2016 G
2016 2017 G
2017 2018 T
2018 2019 A
2019 2020 G
2020 2021 C
2021 2022 G
2022 2023 A
2023 2024 G
2024 2025 G
2025 2026 C
2026 2027 C
2027 2028 T
2028 2029 G
2029 2030 T
2030 2031 G
2031 2032 A
2032 2033 C
2033 2034 G
2034 2035 T
2035 2036 C
2036 2037 G
2037 2038 A
2038 2039 T
2039 2040 T
2040 2041 C
2041 2042 G
2042 2043 A
2043 2044 C
2044 2045 G
2045 2046 G
2046 2047 G
2047 2048 G
2048 2049 T
2049 2050 C
2050 2051 T
2051 2052 T
2052 2053 G
1971 4614 T
4614 4615 G
4615 4616 T
4616 4617 A
4617 4618 C
4618 4619 T
4619 4620 C
4620 4621 C
4621 4622 C
4622 4623 T
4623 4624 G
4624 4625 G
4625 4626 C
4626 4627 T
4627 4628 A
4628 4629 C
4629 4630 A
4630 4631 C
4631 4632 A
4632 4633 T
4633 4634 T
4634 4635 T
4635 4636 G
4636 4637 C
4637 4638 C
4638 4639 A
4639 4640 G
4640 4641 T
4641 4642 A
4642 4643 C
4643 4644 G
4644 4645 T
4645 4646 T
4646 4647 C
4647 4648 C
4648 4649 C
4649 4650 G
4650 4651 T
4651 4652 C
4652 4653 A
4653 4654 G
4654 4655 C
4655 4656 A
4656 4657 C
4657 4658 T
4658 4659 C
4659 4660 T
4660 4661 G
4661 4662 C
4662 4663 G
4663 4664 A
4664 4665 A
4665 4666 T
4666 4667 C
4667 4668 T
4668 4669 C
4669 4670 T
4670 4671 A
4671 4672 A
4672 4673 A
4673 4674 T
4674 4675 C
4675 4676 C
4676 4677 T
4677 4678 G
4678 4679 C
4679 4680 T
4680 4681 G
4681 4682 C
4682 4683 A
4683 4684 A
4684 4685 C
4685 4686 T
4686 4687 A
4687 4688 T
4688 4689 C
4689 4690 T
4690 4691 A
4691 4692 G
4692 4693 G
4693 4694 T
4694 4695 C
4695 4696 T
4696 4697 A
101 3177 C
3177 7004 A
7004 7005 A
7005 7006 C
7006 7007 C
7007 7008 A
7008 7009 A
7009 7010 A
7010 7011 T
7011 7012 A
7012 7013 T
7013 7014 T
7014 7015 A
7015 7016 G
7016 7017 T
7017 7018 T
7018 7019 T
7019 7020 C
7020 7021 C
7021 7022 T
7022 7023 A
7023 7024 T
7024 7025 A
7025 7026 C
7026 7027 A
7027 7028 C
7028 7029 A
7029 7030 T
7030 7031 G
7031 7032 G
7032 7033 C
7033 7034 C
7034 7035 T
7035 7036 C
7036 7037 C
7037 7038 A
7038 7039 C
7039 7040 T
7040 7041 C
7041 7042 A
7042 7043 T
7043 7044 A
7044 7045 C
7045 7046 C
7046 7047 G
7047 7048 C
7048 7049 C
7049 7050 A
7050 7051 A
7051 7052 C
7052 7053 G
7053 7054 C
7054 7055 G
7055 7056 C
7056 7057 T
7057 7058 T
7058 7059 T
7059 7060 T
7060 7061 T
7061 7062 A
7062 7063 T
7063 7064 G
7064 7065 G
7065 7066 G
7066 7067 A
7067 7068 C
7068 7069 T
7069 7070 G
7070 7071 A
7071 7072 G
7072 7073 C
7073 7074 A
7074 7075 A
7075 7076 C
7076 7077 C
7077 7078 C
7078 7079 A
7079 7080 T
7080 7081 G
7081 7082 T
7082 7083 A
7083 7084 G
3177 3178 C
3178 3179 C
3179 3180 C
3180 3181 G
3181 3182 A
3182 3183 C
3183 3184 C
3184 3185 T
3185 3186 A
3186 3187 G
3187 3188 T
3188 3189 A
3189 3190 T
3190 3191 A
3191 3192 A
3192 3193 C
3193 3194 C
3194 3195 T
3195 3196 C
3196 3197 T
3197 3198 G
3198 3199 G
3199 3200 A
3200 3201 T
3201 3202 A
3202 3203 G
3203 3204 T
3204 3205 C
3205 3206 C
3206 3207 C
3207 3208 C
3208 3209 A
3209 3210 T
3210 3211 A
3211 3212 G
3212 3213 A
3213 3214 T
3214 3215 G
3215 3216 T
3216 3217 A
3217 3218 A
3218 3219 A
3219 3220 G
3220 3221 A
3221 3222 A
3222 3223 T
3223 3224 C
3224 3225 T
3225 3226 T
3226 3227 C
3227 3228 G
3228 3229 C
3229 3230 T
3230 3231 A
3231 3232 C
3232 3233 G
3233 3234 T
3234 3235 A
3235 3236 A
3236 3237 C
3237 3238 G
3238 3239 G
3239 3240 T
3240 3241 A
3241 3242 G
3242 3243 T
3243 3244 T
3244 3245 A
3245 3246 G
3246 3247 A
3247 3248 G
3248 3249 T
3249 3250 A
3250 3251 G
3251 3252 G
3252 3253 A
3253 3254 G
3254 3255 G
3255 3256 G
3256 3257 A
3257 3258 C
3258 3259 C
3259 3260 G
3260 3261 C
3261 3262 C
3262 3263 C
3263 3264 G
3264 3265 C
3265 3266 A
3266 3267 A
3267 3268 G
3268 3269 T
3269 3270 T
101 102 G
102 103 C
103 104 T
104 105 G
105 106 A
106 107 A
107 108 C
108 109 G
109 110 T
110 111 A
111 112 A
112 113 G
113 114 G
114 115 G
115 116 T
116 117 A
117 118 T
118 119 T
119 120 G
120 121 A
121 122 C
122 123 G
123 124 T
124 125 G
125 126 C
126 127 T
127 128 G
128 129 G
129 130 T
130 131 G
131 132 C
132 133 G
133 134 G
134 135 T
135 136 A
136 137 C
137 138 A
138 139 A
139 140 G
140 141 T
141 142 A
142 143 G
143 144 C
144 145 C
145 146 G
146 147 A
147 148 T
148 149 C
149 150 T
150 151 A
151 152 C
152 153 G
153 154 A
154 155 G
155 156 A
156 157 C
157 158 C
158 159 G
159 160 A
160 161 A
161 162 T
162 163 A
163 164 G
164 165 T
165 166 G
166 167 G
167 168 G
168 169 G
169 170 C
170 171 A
171 172 T
172 173 G
173 174 C
174 175 A
175 176 G
176 177 C
177 178 C
178 179 C
179 180 G
180 181 C
181 182 G
182 183 G
183 184 C
184 185 G
185 186 A
186 187 A
187 188 A
188 189 T
189 190 G
190 191 A
191 192 T
192 193 A
193 194 G
102 7358 T
7358 7359 G
7359 7360 A
7360 7361 G
7361 7362 T
7362 7363 T
7363 7364 T
7364 7365 T
7365 7366 C
7366 7367 G
7367 7368 T
7368 7369 G
7369 7370 C
7370 7371 G
7371 7372 G
7372 7373 T
7373 7374 T
7374 7375 C
7375 7376 A
7376 7377 T
7377 7378 G
7378 7379 C
7379 7380 T
7380 7381 C
7381 7382 T
7382 7383 T
7383 7384 G
7384 7385 A
7385 7386 A
7386 7387 A
7387 7388 G
7388 7389 G
7389 7390 G
7390 7391 A
7391 7392 G
7392 7393 C
7393 7394 A
7394 7395 T
7395 7396 C
7396 7397 T
7397 7398 C
7398 7399 C
7399 7400 G
7400 7401 T
7401 7402 G
7402 7403 G
7403 7404 G
7404 7405 A
7405 7406 G
7406 7407 T
7407 7408 G
7408 7409 G
7409 7410 G
7410 7411 T
7411 7412 A
7412 7413 G
7413 7414 G
7414 7415 C
7415 7416 G
7416 7417 A
7417 7418 C
7418 7419 T
7419 7420 A
7420 7421 G
7421 7422 T
7422 7423 T
7423 7424 T
7424 7425 T
7425 7426 T
7426 7427 G
7427 7428 G
7428 7429 T
7429 7430 G
7430 7431 C
7431 7432 T
7432 7433 A
7433 7434 A
7434 7435 A
7435 7436 G
7436 7437 A
7437 7438 A
7438 7439 G
7439 7440 T
7440 7441 C
7441 7442 G
7442 7443 A
7443 7444 G
7444 7445 G
7445 7446 T
7446 7447 T
7447 7448 G
7448 7449 G
7449 7450 A
7450 7451 C
7451 7452 C
100 277 G
277 3803 A
3803 3804 A
3804 3805 C
3805 3806 G
3806 3807 G
3807 3808 T
3808 3809 T
3809 3810 C
3810 3811 G
3811 3812 C
3812 3813 C
3813 3814 A
3814 3815 T
3815 3816 A
3816 3817 G
3817 3818 C
3818 3819 C
3819 3820 A
3820 3821 C
3821 3822 C
3822 3823 T
3823 3824 G
3824 3825 T
3825 3826 G
3826 3827 G
3827 3828 T
3828 3829 A
3829 3830 T
3830 3831 G
3831 3832 T
3832 3833 C
3833 3834 G
3834 3835 C
3835 3836 T
3836 3837 C
3837 3838 T
3838 3839 G
3839 3840 G
3840 3841 G
3841 3842 C
3842 3843 G
3843 3844 T
3844 3845 T
3845 3846 G
3846 3847 G
3847 3848 G
3848 3849 T
3849 3850 T
3850 3851 G
3851 3852 G
3852 3853 A
3853 3854 A
3854 3855 A
3855 3856 C
3856 3857 T
3857 3858 C
3858 3859 C
3859 3860 A
3860 3861 T
3861 3862 C
3862 3863 C
3863 3864 G
3864 3865 A
3865 3866 C
3866 3867 T
3867 3868 G
3868 3869 T
3869 3870 C
3870 3871 G
3871 3872 C
3872 3873 A
3873 3874 T
3874 3875 C
3875 3876 A
3876 3877 T
3877 3878 T
3878 3879 T
3879 3880 G
3880 3881 C
3881 3882 T
3882 3883 G
3883 3884 A
3884 3885 A
3885 3886 G
3886 3887 G
3887 3888 G
3888 3889 A
3889 3890 C
3890 3891 T
3891 3892 C
3892 3893 G
3893 3894 C
3894 3895 G
3895 3896 G
3896 3897 G
3897 3898 G
277 884 C
884 885 G
885 886 C
886 887 A
887 888 T
888 889 C
889 890 G
890 891 C
891 892 T
892 893 A
893 894 T
894 895 T
895 896 T
896 897 G
897 898 A
898 899 A
899 900 C
900 901 A
901 902 A
902 903 C
903 904 A
904 905 A
905 906 G
906 907 C
907 908 G
908 909 T
909 910 T
910 911 A
911 912 A
912 913 G
913 914 G
914 915 A
915 916 A
916 917 G
917 918 G
918 919 C
919 920 T
920 921 G
921 922 G
922 923 A
923 924 C
924 925 T
925 926 C
926 927 A
927 928 A
928 929 T
929 930 G
930 931 G
931 932 A
932 933 G
933 934 A
934 935 A
935 936 A
936 937 C
937 938 T
938 939 C
939 940 G
940 941 G
941 942 C
942 943 C
943 944 T
944 945 C
945 946 C
946 947 T
947 948 G
948 949 A
949 950 C
950 951 A
951 952 G
952 953 G
953 954 A
954 955 C
955 956 G
956 957 T
957 958 A
958 959 T
959 960 G
960 961 A
961 962 G
962 963 C
963 964 A
964 965 A
965 966 T
966 967 C
967 968 G
277 4862 T
4862 4863 A
4863 4864 T
4864 4865 A
4865 4866 C
4866 4867 G
4867 4868 G
4868 4869 G
4869 4870 A
4870 4871 C
4871 4872 T
4872 4873 T
4873 4874 A
4874 4875 G
4875 4876 C
4876 4877 C
4877 4878 A
4878 4879 G
4879 4880 A
4880 4881 G
4881 4882 A
4882 4883 G
4883 4884 A
4884 4885 G
4885 4886 G
4886 4887 C
4887 4888 G
4888 4889 C
4889 4890 T
4890 4891 A
4891 4892 C
4892 4893 T
4893 4894 A
4894 4895 A
4895 4896 G
4896 4897 G
4897 4898 T
4898 4899 G
4899 4900 C
4900 4901 A
4901 4902 A
4902 4903 T
4903 4904 T
4904 4905 T
4905 4906 G
4906 4907 G
4907 4908 C
4908 4909 G
4909 4910 G
4910 4911 G
4911 4912 G
4912 4913 T
4913 4914 T
4914 4915 T
4915 4916 C
4916 4917 A
4917 4918 A
4918 4919 A
4919 4920 A
4920 4921 A
4921 4922 C
4922 4923 A
4923 4924 G
4924 4925 A
4925 4926 C
4926 4927 G
4927 4928 T
4928 4929 G
4929 4930 G
4930 4931 A
4931 4932 A
4932 4933 C
4933 4934 C
4934 4935 G
4935 4936 C
4936 4937 T
4937 4938 T
4938 4939 A
4939 4940 G
4940 4941 G
4941 4942 G
4942 4943 A
4863 5565 G
5565 5566 A
5566 5567 T
5567 5568 C
5568 5569 G
5569 5570 A
5570 5571 A
5571 5572 C
5572 5573 T
5573 5574 C
5574 5575 C
5575 5576 T
5576 5577 A
5577 5578 C
5578 5579 A
5579 5580 C
5580 5581 G
5581 5582 C
5582 5583 A
5583 5584 T
5584 5585 T
5585 5586 G
5586 5587 G
5587 5588 T
5588 5589 C
5589 5590 T
5590 5591 T
5591 5592 C
5592 5593 T
5593 5594 T
5594 5595 G
5595 5596 T
5596 5597 C
5597 5598 C
5598 5599 T
5599 5600 C
5600 5601 T
5601 5602 A
5602 5603 C
5603 5604 A
5604 5605 C
5605 5606 C
5606 5607 G
5607 5608 T
5608 5609 G
5609 5610 T
5610 5611 G
5611 5612 A
5612 5613 C
5613 5614 C
5614 5615 T
5615 5616 A
5616 5617 C
5617 5618 A
5618 5619 T
5619 5620 C
5620 5621 T
5621 5622 A
5622 5623 C
5623 5624 T
5624 5625 G
5625 5626 C
5626 5627 A
5627 5628 C
5628 5629 G
5629 5630 G
5630 5631 T
5631 5632 G
5632 5633 C
5633 5634 C
5634 5635 G
5635 5636 T
5636 5637 A
5637 5638 C
5638 5639 T
5639 5640 C
5640 5641 G
5641 5642 G
5642 5643 G
5643 5644 G
5644 5645 A
5645 5646 C
5646 5647 C
4862 7176 G
7176 7177 A
7177 7178 G
7178 7179 A
7179 7180 C
7180 7181 G
7181 7182 G
7182 7183 T
7183 7184 T
7184 7185 A
7185 7186 C
7186 7187 C
7187 7188 C
7188 7189 T
7189 7190 G
7190 7191 A
7191 7192 G
7192 7193 C
7193 7194 T
7194 7195 C
7195 7196 G
7196 7197 C
7197 7198 G
7198 7199 C
7199 7200 C
7200 7201 C
7201 7202 T
7202 7203 C
7203 7204 A
7204 7205 G
7205 7206 C
7206 7207 C
7207 7208 A
7208 7209 C
7209 7210 C
7210 7211 C
7211 7212 C
7212 7213 G
7213 7214 C
7214 7215 A
7215 7216 C
7216 7217 G
7217 7218 C
7218 7219 C
7219 7220 C
7220 7221 A
7221 7222 A
7222 7223 C
7223 7224 A
7224 7225 G
7225 7226 G
7226 7227 T
7227 7228 C
7228 7229 C
7229 7230 G
7230 7231 T
7231 7232 C
7232 7233 T
7233 7234 A
7234 7235 A
7235 7236 C
7236 7237 A
7237 7238 C
7238 7239 A
7239 7240 C
7240 7241 A
7241 7242 C
7242 7243 A
7243 7244 A
7244 7245 T
7245 7246 G
7246 7247 G
7247 7248 C
7248 7249 G
7249 7250 A
7250 7251 G
7251 7252 A
7252 7253 T
7253 7254 C
7254 7255 G
7255 7256 A
7256 7257 A
7257 7258 G
7258 7259 G
7259 7260 C
7260 7261 C
7261 7262 C
7262 7263 C
7263 7264 T
7264 7265 G
7265 7266 T
7266 7267 G
7267 7268 G
7268 7269 G
7269 7270 T
277 278 G
278 279 G
279 280 T
280 281 A
281 282 T
282 283 G
283 284 T
284 285 A
285 286 C
286 287 G
287 288 G
288 289 G
289 290 G
290 291 G
291 292 G
292 293 A
293 294 C
294 295 A
295 296 G
296 297 T
297 298 G
298 299 T
299 300 G
300 301 A
301 302 A
302 303 A
303 304 G
304 305 C
305 306 G
306 307 A
307 308 C
308 309 C
309 310 A
310 311 C
311 312 A
312 313 G
313 314 G
314 315 T
315 316 A
316 317 C
317 318 C
318 319 G
319 320 A
320 321 T
321 322 C
322 323 C
323 324 A
324 325 T
325 326 C
326 327 A
327 328 A
328 329 T
329 330 A
330 331 T
331 332 A
332 333 G
333 334 A
334 335 G
335 336 T
336 337 C
337 338 T
338 339 A
339 340 G
340 341 A
341 342 T
342 343 A
343 344 C
344 345 T
345 346 T
346 347 T
347 348 T
348 349 T
349 350 G
350 351 T
351 352 T
352 353 T
353 354 G
354 355 A
355 356 A
356 357 C
357 358 C
358 359 T
359 360 C
360 361 C
361 362 A
362 363 G
363 364 G
364 365 A
365 366 T
366 367 G
367 368 T
368 369 T
1 2 T
2 803 A
803 804 A
804 805 A
805 4256 C
4256 4257 G
4257 4258 G
4258 4259 T
4259 4260 T
4260 4261 C
4261 4262 C
4262 4263 T
4263 4264 C
4264 4265 G
4265 4266 A
4266 4267 T
4267 4268 T
4268 4269 T
4269 4270 G
4270 4271 G
4271 4272 A
4272 4273 G
4273 4274 C
4274 4275 G
4275 4276 A
4276 4277 G
4277 4278 T
4278 4279 C
4279 4280 A
4280 4281 G
4281 4282 C
4282 4283 A
4283 4284 C
4284 4285 C
4285 4286 C
4286 4287 G
4287 4288 A
4288 4289 G
4289 4290 C
4290 4291 G
4291 4292 T
4292 4293 C
4293 4294 T
4294 4295 C
4295 4296 A
4296 4297 C
4297 4298 G
4298 4299 T
4299 4300 T
4300 4301 A
4301 4302 A
4302 4303 A
4303 4304 G
4304 4305 A
4305 4306 C
4306 4307 C
4307 4308 A
4308 4309 G
4309 4310 T
4310 4311 A
4311 4312 T
4312 4313 T
4313 4314 T
4314 4315 A
4315 4316 C
4316 4317 T
4317 4318 C
4318 4319 A
4319 4320 G
4320 4321 A
4321 4322 T
4322 4323 A
4323 4324 A
4324 4325 T
4325 4326 A
4326 4327 A
4327 4328 T
4328 4329 C
4329 4330 A
4330 4331 G
4331 4332 C
4332 4333 G
4333 4334 T
4334 4335 T
4335 4336 T
4336 4337 G
4337 4338 A
4338 4339 C
4339 4340 A
4340 4341 T
4341 4342 G
4342 4343 T
4343 4344 G
4344 4345 A
4345 4346 A
4346 4347 A
4347 4348 T
805 806 T
806 807 G
807 808 C
808 809 C
809 810 A
810 811 T
811 812 C
812 813 C
813 814 C
814 815 A
815 816 T
816 817 A
817 818 T
818 819 G
819 820 G
820 821 A
821 822 T
822 823 C
823 824 T
824 825 C
825 826 A
826 827 G
827 828 G
828 829 G
829 830 T
830 831 T
831 832 T
832 833 G
833 834 G
834 835 C
835 836 A
836 837 T
837 838 A
838 839 C
839 840 T
840 841 T
841 842 C
842 843 A
843 844 C
844 845 G
845 846 A
846 847 A
847 848 T
848 849 A
849 850 G
850 851 T
851 852 G
852 853 A
853 854 A
854 855 A
855 856 C
856 857 A
857 858 G
858 859 A
859 860 G
860 861 A
861 862 T
862 863 G
863 864 A
864 865 T
865 866 G
866 867 A
867 868 C
868 869 A
869 870 A
870 871 A
871 872 A
872 873 C
873 874 C
874 875 T
875 876 C
876 877 A
877 878 G
878 879 C
879 880 T
880 881 G
881 882 A
882 883 T
2 3 C
3 4 A
4 5 G
5 6 A
6 7 T
7 8 A
8 9 A
9 10 A
10 11 A
11 12 G
12 13 C
13 14 A
14 15 G
15 16 A
16 17 T
17 18 C
18 19 C
19 20 T
20 21 C
21 22 T
22 23 G
23 24 C
24 25 T
25 26 A
26 27 T
27 28 G
28 29 G
29 30 A
30 31 C
31 32 T
32 33 G
33 34 C
34 35 T
35 36 T
36 37 G
37 38 C
38 39 G
39 40 A
40 41 G
41 42 T
42 43 C
43 44 C
44 45 G
45 46 C
46 47 T
47 48 A
48 49 T
49 50 A
50 51 C
51 52 T
52 53 A
53 54 G
54 55 C
55 56 C
56 57 T
57 58 G
58 59 T
59 60 T
60 61 A
61 62 G
62 63 A
63 64 A
64 65 C
65 66 T
66 67 A
67 68 G
68 69 T
69 70 G
70 71 C
71 72 A
72 73 G
73 74 A
74 75 A
75 76 G
76 77 C
77 78 A
78 79 A
79 80 A
80 81 G
81 82 T
82 83 T
83 84 A
84 85 T
85 86 G
86 87 C
87 88 T
88 89 C
89 90 A
90 91 C
91 92 A
92 93 A
93 94 G
94 95 G
95 96 T
96 97 C
97 98 T
98 99 T
3 2312 C
2312 2313 T
2313 2314 C
2314 5648 A
5648 5649 G
5649 5650 C
5650 5651 C
5651 5652 T
5652 5653 T
5653 5654 T
5654 5655 C
5655 5656 A
5656 5657 G
5657 5658 A
5658 5659 C
5659 5660 C
5660 5661 C
5661 5662 T
5662 5663 A
5663 5664 A
5664 5665 C
5665 5666 T
5666 5667 G
5667 5668 G
5668 5669 T
5669 5670 G
5670 5671 T
5671 5672 T
5672 5673 G
5673 5674 C
5674 5675 A
5675 5676 C
5676 5677 T
5677 5678 T
5678 5679 G
5679 5680 A
5680 5681 C
5681 5682 T
5682 5683 G
5683 5684 T
5684 5685 C
5685 5686 C
5686 5687 A
5687 5688 T
5688 5689 A
5689 5690 G
5690 5691 C
5691 5692 T
5692 5693 A
5693 5694 A
5694 5695 A
5695 5696 C
5696 5697 T
5697 5698 G
5698 5699 G
5699 5700 C
5700 5701 A
5701 5702 T
5702 5703 T
5703 5704 C
5704 5705 C
5705 5706 A
5706 5707 T
5707 5708 A
5708 5709 C
5709 5710 T
5710 5711 A
5711 5712 T
5712 5713 T
5713 5714 T
5714 5715 T
5715 5716 T
5716 5717 T
5717 5718 G
5718 5719 T
5719 5720 A
5720 5721 G
5721 5722 G
5722 5723 G
5723 5724 T
5724 5725 T
5725 5726 G
5726 5727 G
5727 5728 C
5728 5729 A
5729 5730 A
5730 5731 T
5731 5732 A
5732 5733 C
5733 5734 G
5734 5735 C
5735 5736 G
5736 5737 A
5737 5738 G
2314 2315 C
2315 2316 T
2316 2317 G
2317 2318 T
2318 2319 T
2319 2320 C
2320 2321 A
2321 2322 A
2322 2323 G
2323 2324 C
2324 2325 G
2325 2326 C
2326 2327 T
2327 2328 C
2328 2329 T
2329 2330 C
2330 2331 T
2331 2332 G
2332 2333 A
2333 2334 T
2334 2335 T
2335 2336 C
2336 2337 C
2337 2338 A
2338 2339 C
2339 2340 T
2340 2341 G
2341 2342 T
2342 2343 A
2343 2344 C
2344 2345 T
2345 2346 G
2346 2347 T
2347 2348 C
2348 2349 A
2349 2350 A
2350 2351 C
2351 2352 C
2352 2353 C
2353 2354 A
2354 2355 C
2355 2356 A
2356 2357 A
2357 2358 A
2358 2359 A
2359 2360 A
2360 2361 G
2361 2362 T
2362 2363 G
2363 2364 T
2364 2365 G
2365 2366 C
2366 2367 T
2367 2368 A
2368 2369 C
2369 2370 C
2370 2371 T
2371 2372 C
2372 2373 A
2373 2374 T
2374 2375 G
2375 2376 A
2376 2377 C
2377 2378 C
2378 2379 T
2379 2380 C
2380 2381 T
2381 2382 G
2382 2383 T
2383 2384 T
2384 2385 G
2385 2386 G
2386 2387 A
2387 2388 G
2388 2389 T
2389 2390 C
2390 2391 T
2391 2392 T
2392 2393 T
2393 2394 T
2394 2395 G
2395 2396 C
2396 2397 G
2397 2398 T
2398 2399 T
2399 2400 C
3 3705 T
3705 5917 A
5917 5918 G
5918 5919 G
5919 5920 G
5920 5921 A
5921 5922 A
5922 5923 C
5923 5924 G
5924 5925 C
5925 5926 A
5926 5927 A
5927 5928 T
5928 5929 C
5929 5930 T
5930 5931 G
5931 5932 T
5932 5933 A
5933 5934 T
5934 5935 A
5935 5936 G
5936 5937 C
5937 5938 T
5938 5939 T
5939 5940 A
5940 5941 C
5941 5942 C
5942 5943 T
5943 5944 C
5944 5945 T
5945 5946 A
5946 5947 A
5947 5948 G
5948 5949 G
5949 5950 C
5950 5951 C
5951 5952 C
5952 5953 A
5953 5954 C
5954 5955 A
5955 5956 T
5956 5957 A
5957 5958 G
5958 5959 C
5959 5960 A
5960 5961 A
5961 5962 T
5962 5963 C
5963 5964 G
5964 5965 T
5965 5966 T
5966 5967 C
5967 5968 T
5968 5969 T
5969 5970 A
5970 5971 G
5971 5972 T
5972 5973 G
5973 5974 T
5974 5975 A
5975 5976 A
5976 5977 G
5977 5978 T
5978 5979 G
5979 5980 G
5980 5981 G
5981 5982 A
5982 5983 C
5983 5984 T
5984 5985 T
5985 5986 A
5986 5987 T
5987 5988 C
5988 5989 A
5989 5990 T
5990 5991 G
5991 5992 T
5992 5993 T
5993 5994 C
5994 5995 G
5995 5996 C
5996 5997 C
5997 5998 T
5998 5999 C
5999 6000 C
6000 6001 A
6001 6002 G
6002 6003 G
6003 6004 T
6004 6005 A
6005 6006 T
6006 6007 A
6007 6008 C
6008 6009 A
6009 6010 T
6010 6011 T
3705 3706 T
3706 3707 A
3707 3708 T
3708 3709 G
3709 3710 T
3710 3711 C
3711 3712 A
3712 3713 G
3713 3714 A
3714 3715 C
3715 3716 A
3716 3717 G
3717 3718 A
3718 3719 A
3719 3720 C
3720 3721 G
3721 3722 C
3722 3723 A
3723 3724 T
3724 3725 G
3725 3726 G
3726 3727 T
3727 3728 A
3728 3729 A
3729 3730 G
3730 3731 G
3731 3732 G
3732 3733 G
3733 3734 A
3734 3735 A
3735 3736 C
3736 3737 G
3737 3738 T
3738 3739 G
3739 3740 A
3740 3741 C
3741 3742 G
3742 3743 T
3743 3744 T
3744 3745 G
3745 3746 T
3746 3747 T
3747 3748 G
3748 3749 A
3749 3750 T
3750 3751 T
3751 3752 A
3752 3753 G
3753 3754 A
3754 3755 T
3755 3756 A
3756 3757 G
3757 3758 G
3758 3759 T
3759 3760 A
3760 3761 T
3761 3762 T
3762 3763 A
3763 3764 C
3764 3765 T
3765 3766 A
3766 3767 A
3767 3768 G
3768 3769 A
3769 3770 T
3770 3771 G
3771 3772 T
3772 3773 G
3773 3774 C
3774 3775 T
3775 3776 T
3776 3777 C
3777 3778 G
3778 3779 G
3779 3780 C
3780 3781 G
3781 3782 A
3782 3783 A
3783 3784 T
3784 3785 C
3785 3786 G
3786 3787 C
3787 3788 G
3788 3789 C
3789 3790 C
3790 3791 C
3791 3792 C
3792 3793 A
3793 3794 T
3794 3795 C
3795 3796 A
3796 3797 C
3797 3798 A
3798 3799 G
3799 3800 T
3800 3801 C
3801 3802 A
3705 5126 G
5126 5127 T
5127 5128 G
5128 5129 G
5129 5130 C
5130 5131 A
5131 5132 T
5132 5133 G
5133 5134 A
5134 5135 C
5135 5136 T
5136 5137 A
5137 5138 G
5138 5139 C
5139 5140 T
5140 5141 T
5141 5142 T
5142 5143 T
5143 5144 A
5144 5145 C
5145 5146 G
5146 5147 A
5147 5148 G
5148 5149 C
5149 5150 G
5150 5151 A
5151 5152 A
5152 5153 G
5153 5154 G
5154 5155 C
5155 5156 T
5156 5157 T
5157 5158 A
5158 5159 T
5159 5160 C
5160 5161 T
5161 5162 T
5162 5163 C
5163 5164 A
5164 5165 G
5165 5166 T
5166 5167 A
5167 5168 C
5168 5169 T
5169 5170 A
5170 5171 G
5171 5172 A
5172 5173 C
5173 5174 C
5174 5175 T
5175 5176 A
5176 5177 T
5177 5178 A
5178 5179 T
5179 5180 C
5180 5181 T
5181 5182 A
5182 5183 G
5183 5184 C
5184 5185 C
5185 5186 A
5186 5187 T
5187 5188 C
5188 5189 A
5189 5190 G
5190 5191 T
5191 5192 C
5192 5193 A
5193 5194 G
5194 5195 T
5195 5196 C
5196 5197 C
5197 5198 T
5198 5199 T
5199 5200 T
5200 5201 T
5201 5202 A
5202 5203 G
5203 5204 T
5204 5205 G
5205 5206 A
5206 5207 T
5207 5208 G
5208 5209 C
5209 5210 G
5210 5211 G
5211 5212 T
5212 5213 C
5213 5214 A
5214 5215 G
5215 5216 T
5216 5217 T
5217 5218 G
5218 5219 T
3 3899 G
3899 6633 A
6633 6634 C
6634 6635 G
6635 6636 G
6636 6637 T
6637 6638 T
6638 6639 A
6639 6640 T
6640 6641 G
6641 6642 C
6642 6643 T
6643 6644 T
6644 6645 G
6645 6646 T
6646 6647 T
6647 6648 T
6648 6649 A
6649 6650 T
6650 6651 C
6651 6652 G
6652 6653 C
6653 6654 G
6654 6655 T
6655 6656 C
6656 6657 A
6657 6658 C
6658 6659 A
6659 6660 C
6660 6661 G
6661 6662 C
6662 6663 C
6663 6664 A
6664 6665 C
6665 6666 T
6666 6667 A
6667 6668 G
6668 6669 C
6669 6670 C
6670 6671 C
6671 6672 C
6672 6673 G
6673 6674 A
6674 6675 G
6675 6676 G
6676 6677 G
6677 6678 G
6678 6679 A
6679 6680 T
6680 6681 A
6681 6682 T
6682 6683 G
6683 6684 G
6684 6685 G
6685 6686 A
6686 6687 C
6687 6688 T
6688 6689 C
6689 6690 G
6690 6691 A
6691 6692 G
6692 6693 C
6693 6694 G
6694 6695 G
6695 6696 C
6696 6697 G
6697 6698 C
6698 6699 T
6699 6700 A
6700 6701 T
6701 6702 A
6702 6703 C
6703 6704 C
6704 6705 C
6705 6706 G
6706 6707 G
6707 6708 G
6708 6709 G
6709 6710 G
6710 6711 A
6711 6712 T
6712 6713 A
6713 6714 C
6714 6715 G
6715 6716 A
6716 6717 G
6717 6718 A
6718 6719 A
6719 6720 C
6720 6721 A
6721 6722 C
6722 6723 G
6723 6724 G
6724 6725 T
6725 6726 T
6726 6727 C
6727 6728 T
6728 6729 A
3899 4078 T
4078 4079 G
4079 4080 A
4080 4081 G
4081 4082 A
4082 4083 C
4083 4084 T
4084 4085 T
4085 4086 C
4086 4087 T
4087 4088 T
4088 4089 C
4089 4090 G
4090 4091 C
4091 4092 A
4092 4093 C
4093 4094 G
4094 4095 C
4095 4096 A
4096 4097 G
4097 4098 T
4098 4099 C
4099 4100 C
4100 4101 A
4101 4102 T
4102 4103 A
4103 4104 A
4104 4105 G
4105 4106 A
4106 4107 T
4107 4108 G
4108 4109 A
4109 4110 T
4110 4111 A
4111 4112 G
4112 4113 T
4113 4114 A
4114 4115 G
4115 4116 A
4116 4117 C
4117 4118 G
4118 4119 C
4119 4120 A
4120 4121 G
4121 4122 C
4122 4123 C
4123 4124 C
4124 4125 G
4125 4126 A
4126 4127 G
4127 4128 T
4128 4129 A
4129 4130 G
4130 4131 A
4131 4132 G
4132 4133 T
4133 4134 T
4134 4135 C
4135 4136 G
4136 4137 C
4137 4138 C
4138 4139 G
4139 4140 A
4140 4141 G
4141 4142 C
4142 4143 T
4143 4144 A
4144 4145 T
4145 4146 A
4146 4147 T
4147 4148 T
4148 4149 T
4149 4150 A
4150 4151 T
4151 4152 A
4152 4153 G
4153 4154 T
4154 4155 A
4155 4156 G
4156 4157 T
4157 4158 A
4158 4159 C
4159 4160 G
4160 4161 A
4161 4162 G
4162 4163 A
4163 4164 A
4164 4165 C
4165 4166 C
4166 4167 A
4167 4168 A
4168 4169 A
4169 4170 C
3899 3900 G
3900 3901 G
3901 3902 C
3902 3903 C
3903 3904 A
3904 3905 T
3905 3906 A
3906 3907 G
3907 3908 C
3908 3909 G
3909 3910 G
3910 3911 T
3911 3912 G
3912 3913 T
3913 3914 T
3914 3915 T
3915 3916 T
3916 3917 T
3917 3918 T
3918 3919 A
3919 3920 G
3920 3921 C
3921 3922 A
3922 3923 C
3923 3924 C
3924 3925 G
3925 3926 A
3926 3927 C
3927 3928 G
3928 3929 G
3929 3930 G
3930 3931 T
3931 3932 T
3932 3933 A
3933 3934 A
3934 3935 T
3935 3936 G
3936 3937 G
3937 3938 C
3938 3939 A
3939 3940 T
3940 3941 C
3941 3942 A
3942 3943 G
3943 3944 C
3944 3945 A
3945 3946 G
3946 3947 C
3947 3948 G
3948 3949 G
3949 3950 A
3950 3951 C
3951 3952 T
3952 3953 A
3953 3954 G
3954 3955 T
3955 3956 T
3956 3957 C
3957 3958 T
3958 3959 G
3959 3960 C
3960 3961 A
3961 3962 T
3962 3963 C
3963 3964 G
3964 3965 A
3965 3966 A
3966 3967 T
3967 3968 C
3968 3969 T
3969 3970 T
3970 3971 G
3971 3972 C
3972 3973 T
3973 3974 A
3974 3975 T
3975 3976 G
3976 3977 A
3977 3978 T
3978 3979 C
3979 3980 C
3980 3981 C
3981 3982 G
3982 3983 T
3983 3984 T
3984 3985 C
3985 3986 G
3986 3987 T
2 195 T
195 196 A
196 197 T
197 198 C
198 199 G
199 200 G
200 201 C
201 202 T
202 203 T
203 204 T
204 205 G
205 206 A
206 207 A
207 208 C
208 209 G
209 210 A
210 211 C
211 212 T
212 213 G
213 214 C
214 215 T
215 216 T
216 217 A
217 218 C
218 219 A
219 220 C
220 221 T
221 222 C
222 223 A
223 224 G
224 225 T
225 226 C
226 227 A
227 228 T
228 229 C
229 230 T
230 231 A
231 232 G
232 233 C
233 234 T
234 235 T
235 236 C
236 237 A
237 238 A
238 239 A
239 240 C
240 241 A
241 242 T
242 243 C
243 244 T
244 245 G
245 246 T
246 247 G
247 248 G
248 249 A
249 250 C
250 251 C
251 252 C
252 253 A
253 254 C
254 255 T
255 256 A
256 257 C
257 258 A
258 259 T
259 260 T
260 261 A
261 262 T
262 263 A
263 264 G
264 265 T
265 266 A
266 267 A
267 268 G
268 269 A
269 270 C
270 271 T
271 272 G
272 273 A
273 274 T
274 275 A
275 276 C
196 5821 G
5821 5822 T
5822 5823 A
5823 5824 T
5824 5825 T
5825 5826 T
5826 5827 A
5827 5828 T
5828 5829 A
5829 5830 G
5830 5831 T
5831 5832 T
5832 5833 T
5833 5834 T
5834 5835 G
5835 5836 T
5836 5837 A
5837 5838 T
5838 5839 C
5839 5840 C
5840 5841 C
5841 5842 T
5842 5843 A
5843 5844 A
5844 5845 G
5845 5846 C
5846 5847 A
5847 5848 T
5848 5849 A
5849 5850 A
5850 5851 G
5851 5852 A
5852 5853 C
5853 5854 G
5854 5855 T
5855 5856 A
5856 5857 C
5857 5858 T
5858 5859 C
5859 5860 T
5860 5861 A
5861 5862 A
5862 5863 T
5863 5864 C
5864 5865 C
5865 5866 A
5866 5867 A
5867 5868 T
5868 5869 C
5869 5870 G
5870 5871 G
5871 5872 A
5872 5873 T
5873 5874 T
5874 5875 C
5875 5876 G
5876 5877 T
5877 5878 T
5878 5879 T
5879 5880 T
5880 5881 T
5881 5882 G
5882 5883 A
5883 5884 T
5884 5885 T
5885 5886 C
5886 5887 A
5887 5888 A
5888 5889 C
5889 5890 C
5890 5891 G
5891 5892 T
5892 5893 G
5893 5894 A
5894 5895 C
5895 5896 C
5896 5897 A
5897 5898 G
5898 5899 A
5899 5900 C
5900 5901 C
5901 5902 G
5902 5903 C
5903 5904 A
5904 5905 G
5905 5906 G
5906 5907 T
5907 5908 T
5908 5909 C
5909 5910 G
5910 5911 T
5911 5912 A
5912 5913 C
5913 5914 G
5914 5915 C
5915 5916 G
195 6730 C
6730 6731 T
6731 6732 T
6732 6733 A
6733 6734 T
6734 6735 C
6735 6736 G
6736 6737 T
6737 6738 C
6738 6739 G
6739 6740 T
6740 6741 G
6741 6742 T
6742 6743 G
6743 6744 C
6744 6745 C
6745 6746 G
6746 6747 T
6747 6748 C
6748 6749 C
6749 6750 G
6750 6751 T
6751 6752 A
6752 6753 C
6753 6754 A
6754 6755 C
6755 6756 G
6756 6757 A
6757 6758 A
6758 6759 G
6759 6760 A
6760 6761 G
6761 6762 A
6762 6763 A
6763 6764 C
6764 6765 C
6765 6766 A
6766 6767 T
6767 6768 G
6768 6769 T
6769 6770 C
6770 6771 C
6771 6772 A
6772 6773 A
6773 6774 A
6774 6775 G
6775 6776 A
6776 6777 C
6777 6778 C
6778 6779 T
6779 6780 T
6780 6781 T
6781 6782 G
6782 6783 A
6783 6784 T
6784 6785 G
6785 6786 T
6786 6787 T
6787 6788 C
6788 6789 G
6789 6790 A
6790 6791 G
6791 6792 C
6792 6793 G
6793 6794 A
6794 6795 C
6795 6796 C
6796 6797 A
6797 6798 C
6798 6799 T
6799 6800 G
6800 6801 C
6801 6802 A
6802 6803 G
6803 6804 A
6804 6805 A
6805 6806 T
6806 6807 C
6807 6808 T
6808 6809 G
6809 6810 A
6810 6811 A
6811 6812 T
6812 6813 C
6813 6814 A
6814 6815 T
6815 6816 C
6816 6817 G
6817 6818 T
6818 6819 A
6819 6820 G
6820 6821 T
6821 6822 G
6822 6823 A
6823 6824 G
6824 6825 G
6825 6826 G
195 1444 T
1444 2225 C
2225 2226 A
2226 2227 G
2227 2228 G
2228 2229 T
2229 2230 T
2230 2231 T
2231 2232 G
2232 2233 T
2233 2234 G
2234 2235 C
2235 2236 T
2236 2237 C
2237 2238 A
2238 2239 T
2239 2240 C
2240 2241 T
2241 2242 A
2242 2243 C
2243 2244 A
2244 2245 A
2245 2246 A
2246 2247 A
2247 2248 C
2248 2249 G
2249 2250 G
2250 2251 T
2251 2252 A
2252 2253 T
2253 2254 C
2254 2255 A
2255 2256 G
2256 2257 G
2257 2258 C
2258 2259 C
2259 2260 T
2260 2261 A
2261 2262 G
2262 2263 G
2263 2264 T
2264 2265 T
2265 2266 A
2266 2267 C
2267 2268 C
2268 2269 T
2269 2270 G
2270 2271 G
2271 2272 A
2272 2273 T
2273 2274 A
2274 2275 C
2275 2276 G
2276 2277 G
2277 2278 A
2278 2279 T
2279 2280 T
2280 2281 A
2281 2282 A
2282 2283 G
2283 2284 G
2284 2285 A
2285 2286 G
2286 2287 G
2287 2288 G
2288 2289 A
2289 2290 A
2290 2291 G
2291 2292 A
2292 2293 A
2293 2294 T
2294 2295 T
2295 2296 T
2296 2297 G
2297 2298 C
2298 2299 A
2299 2300 A
2300 2301 C
2301 2302 T
2302 2303 C
2303 2304 T
2304 2305 C
2305 2306 G
2306 2307 C
2307 2308 G
2308 2309 T
2309 2310 A
2310 2311 G
1444 1445 T
1445 2054 A
2054 2055 C
2055 2056 A
2056 2057 T
2057 2058 A
2058 2059 C
2059 2060 A
2060 2061 G
2061 2062 A
2062 2063 C
2063 2064 G
2064 2065 T
2065 2066 C
2066 2067 G
2067 2068 C
2068 2069 C
2069 2070 T
2070 2071 C
2071 2072 G
2072 2073 G
2073 2074 A
2074 2075 A
2075 2076 T
2076 2077 T
2077 2078 C
2078 2079 C
2079 2080 T
2080 2081 A
2081 2082 G
2082 2083 A
2083 2084 T
2084 2085 G
2085 2086 A
2086 2087 T
2087 2088 A
2088 2089 T
2089 2090 A
2090 2091 C
2091 2092 T
2092 2093 G
2093 2094 T
2094 2095 C
2095 2096 G
2096 2097 C
2097 2098 C
2098 2099 C
2099 2100 C
2100 2101 T
2101 2102 G
2102 2103 G
2103 2104 A
2104 2105 A
2105 2106 A
2106 2107 C
2107 2108 C
2108 2109 T
2109 2110 C
2110 2111 A
2111 2112 C
2112 2113 A
2113 2114 A
2114 2115 C
2115 2116 A
2116 2117 A
2117 2118 T
2118 2119 G
2119 2120 T
2120 2121 C
2121 2122 G
2122 2123 A
2123 2124 C
2124 2125 T
2125 2126 G
2126 2127 T
2127 2128 T
2128 2129 T
2129 2130 A
2130 2131 T
2131 2132 C
1445 1446 T
1446 1447 G
1447 1448 C
1448 1449 G
1449 1450 A
1450 1451 A
1451 1452 A
1452 1453 T
1453 1454 G
1454 1455 C
1455 1456 G
1456 1457 T
1457 1458 T
1458 1459 G
1459 1460 G
1460 1461 G
1461 1462 G
1462 1463 T
1463 1464 T
1464 1465 C
1465 1466 A
1466 1467 G
1467 1468 C
1468 1469 G
1469 1470 C
1470 1471 A
1471 1472 C
1472 1473 A
1473 1474 A
1474 1475 A
1475 1476 A
1476 1477 C
1477 1478 C
1478 1479 C
1479 1480 G
1480 1481 C
1481 1482 T
1482 1483 T
1483 1484 T
1484 1485 T
1485 1486 T
1486 1487 A
1487 1488 C
1488 1489 T
1489 1490 A
1490 1491 G
1491 1492 T
1492 1493 G
1493 1494 G
1494 1495 T
1495 1496 C
1496 1497 T
1497 1498 T
1498 1499 G
1499 1500 G
1500 1501 T
1501 1502 C
1502 1503 C
1503 1504 T
1504 1505 G
1505 1506 G
1506 1507 A
1507 1508 G
1508 1509 A
1509 1510 G
1510 1511 T
1511 1512 T
1512 1513 T
1513 1514 G
1514 1515 C
1515 1516 A
1516 1517 G
1517 1518 A
1518 1519 G
1519 1520 T
1520 1521 A
1521 1522 A
1522 1523 A
1523 1524 A
1524 1525 A
1444 5032 G
5032 5033 T
5033 5034 T
5034 5035 A
5035 5036 T
5036 5037 T
5037 5038 A
5038 5039 T
5039 5040 T
5040 5041 C
5041 5042 A
5042 5043 G
5043 5044 T
5044 5045 C
5045 5046 T
5046 5047 A
5047 5048 A
5048 5049 C
5049 5050 T
5050 5051 C
5051 5052 T
5052 5053 C
5053 5054 G
5054 5055 C
5055 5056 C
5056 5057 C
5057 5058 G
5058 5059 G
5059 5060 C
5060 5061 C
5061 5062 G
5062 5063 C
5063 5064 G
5064 5065 G
5065 5066 A
5066 5067 A
5067 5068 T
5068 5069 T
5069 5070 C
5070 5071 A
5071 5072 C
5072 5073 C
5073 5074 T
5074 5075 A
5075 5076 G
5076 5077 T
5077 5078 G
5078 5079 C
5079 5080 G
5080 5081 G
5081 5082 G
5082 5083 G
5083 5084 C
5084 5085 T
5085 5086 C
5086 5087 T
5087 5088 G
5088 5089 A
5089 5090 G
5090 5091 C
5091 5092 C
5092 5093 C
5093 5094 C
5094 5095 G
5095 5096 G
5096 5097 G
5097 5098 A
5098 5099 T
5099 5100 C
5100 5101 C
5101 5102 C
5102 5103 C
5103 5104 T
5104 5105 A
5105 5106 G
5106 5107 C
5107 5108 G
5108 5109 T
5109 5110 C
5110 5111 A
5111 5112 C
5112 5113 T
5113 5114 C
5114 5115 C
5115 5116 A
5116 5117 A
5117 5118 G
5118 5119 T
5119 5120 C
5120 5121 A
5121 5122 A
5122 5123 C
5123 5124 A
5124 5125 T
195 2830 G
2830 2831 A
2831 2832 A
2832 2833 A
2833 2834 G
2834 2835 T
2835 2836 T
2836 2837 A
2837 2838 A
2838 2839 T
2839 2840 A
2840 2841 T
2841 2842 G
2842 2843 T
2843 2844 T
2844 2845 C
2845 2846 G
2846 2847 C
2847 2848 C
2848 2849 C
2849 2850 C
2850 2851 C
2851 2852 G
2852 2853 T
2853 2854 T
2854 2855 C
2855 2856 T
2856 2857 G
2857 2858 A
2858 2859 A
2859 2860 G
2860 2861 G
2861 2862 C
2862 2863 G
2863 2864 T
2864 2865 G
2865 2866 C
2866 2867 C
2867 2868 T
2868 2869 G
2869 2870 G
2870 2871 G
2871 2872 A
2872 2873 G
2873 2874 C
2874 2875 T
2875 2876 T
2876 2877 G
2877 2878 G
2878 2879 G
2879 2880 C
2880 2881 C
2881 2882 A
2882 2883 G
2883 2884 A
2884 2885 G
2885 2886 T
2886 2887 G
2887 2888 A
2888 2889 C
2889 2890 G
2890 2891 A
2891 2892 G
2892 2893 G
2893 2894 G
2894 2895 G
2895 2896 A
2896 2897 T
2897 2898 C
2898 2899 C
2899 2900 G
2900 2901 A
2901 2902 C
2902 2903 G
2903 2904 T
2904 2905 G
2905 2906 G
2906 2907 T
2830 3368 C
3368 3369 A
3369 3370 C
3370 3371 G
3371 3372 G
3372 3373 G
3373 3374 T
3374 3375 G
3375 3376 T
3376 3377 A
3377 3378 A
3378 3379 G
3379 3380 T
3380 3381 G
3381 3382 G
3382 3383 A
3383 3384 T
3384 3385 T
3385 3386 C
3386 3387 G
3387 3388 C
3388 3389 A
3389 3390 T
3390 3391 C
3391 3392 C
3392 3393 A
3393 3394 T
3394 3395 T
3395 3396 C
3396 3397 C
3397 3398 T
3398 3399 T
3399 3400 A
3400 3401 A
3401 3402 A
3402 3403 A
3403 3404 T
3404 3405 G
3405 3406 A
3406 3407 A
3407 3408 C
3408 3409 G
3409 3410 G
3410 3411 C
3411 3412 T
3412 3413 T
3413 3414 T
3414 3415 C
3415 3416 T
3416 3417 G
3417 3418 C
3418 3419 C
3419 3420 A
3420 3421 T
3421 3422 A
3422 3423 A
3423 3424 A
3424 3425 C
3425 3426 T
3426 3427 C
3427 3428 T
3428 3429 T
3429 3430 G
3430 3431 T
3431 3432 T
3432 3433 C
3433 3434 G
3434 3435 C
3435 3436 A
3436 3437 T
3437 3438 G
3438 3439 T
3439 3440 T
3440 3441 T
3441 3442 G
3442 3443 T
3443 3444 C
3444 3445 A
2 544 G
544 5395 A
5395 5396 G
5396 5397 A
5397 5398 C
5398 5399 A
5399 5400 T
5400 5401 T
5401 5402 A
5402 5403 T
5403 5404 T
5404 5405 G
5405 5406 T
5406 5407 T
5407 5408 T
5408 5409 A
5409 5410 T
5410 5411 T
5411 5412 C
5412 5413 T
5413 5414 G
5414 5415 A
5415 5416 C
5416 5417 G
5417 5418 G
5418 5419 G
5419 5420 C
5420 5421 C
5421 5422 A
5422 5423 C
5423 5424 C
5424 5425 G
5425 5426 T
5426 5427 A
5427 5428 G
5428 5429 G
5429 5430 T
5430 5431 C
5431 5432 T
5432 5433 T
5433 5434 G
5434 5435 G
5435 5436 C
5436 5437 C
5437 5438 G
5438 5439 A
5439 5440 C
5440 5441 A
5441 5442 C
5442 5443 C
5443 5444 T
5444 5445 A
5445 5446 A
5446 5447 C
5447 5448 G
5448 5449 T
5449 5450 A
5450 5451 G
5451 5452 A
5452 5453 T
5453 5454 G
5454 5455 T
5455 5456 C
5456 5457 G
5457 5458 G
5458 5459 G
5459 5460 G
5460 5461 T
5461 5462 G
5462 5463 G
5463 5464 G
5464 5465 T
5465 5466 G
5466 5467 T
5467 5468 T
5468 5469 T
5469 5470 C
5470 5471 T
5471 5472 G
5472 5473 C
5473 5474 T
5474 5475 A
5475 5476 G
5476 5477 T
5477 5478 A
5478 5479 A
5479 5480 A
5480 5481 C
5481 5482 T
5482 5483 T
5483 5484 T
544 2664 C
2664 2665 T
2665 2666 G
2666 2667 T
2667 2668 T
2668 2669 T
2669 2670 A
2670 2671 C
2671 2672 C
2672 2673 A
2673 2674 T
2674 2675 A
2675 2676 G
2676 2677 C
2677 2678 G
2678 2679 G
2679 2680 A
2680 2681 A
2681 2682 T
2682 2683 G
2683 2684 G
2684 2685 A
2685 2686 C
2686 2687 T
2687 2688 G
2688 2689 A
2689 2690 T
2690 2691 C
2691 2692 C
2692 2693 T
2693 2694 G
2694 2695 A
2695 2696 A
2696 2697 T
2697 2698 G
2698 2699 T
2699 2700 C
2700 2701 C
2701 2702 T
2702 2703 G
2703 2704 G
2704 2705 G
2705 2706 G
2706 2707 G
2707 2708 T
2708 2709 G
2709 2710 C
2710 2711 C
2711 2712 G
2712 2713 C
2713 2714 C
2714 2715 G
2715 2716 T
2716 2717 T
2717 2718 A
2718 2719 A
2719 2720 C
2720 2721 G
2721 2722 C
2722 2723 C
2723 2724 T
2724 2725 A
2725 2726 T
2726 2727 A
2727 2728 T
2728 2729 T
2729 2730 C
2730 2731 C
2731 2732 C
2732 2733 G
2733 2734 C
2734 2735 C
2735 2736 G
2736 2737 C
2737 2738 C
2738 2739 T
2739 2740 T
2740 2741 A
544 4349 T
4349 4350 C
4350 4351 A
4351 4352 C
4352 4353 A
4353 4354 C
4354 4355 A
4355 4356 T
4356 4357 A
4357 4358 C
4358 4359 C
4359 4360 T
4360 4361 C
4361 4362 A
4362 4363 A
4363 4364 T
4364 4365 A
4365 4366 T
4366 4367 C
4367 4368 G
4368 4369 A
4369 4370 C
4370 4371 C
4371 4372 T
4372 4373 C
4373 4374 G
4374 4375 C
4375 4376 A
4376 4377 T
4377 4378 C
4378 4379 T
4379 4380 A
4380 4381 C
4381 4382 C
4382 4383 C
4383 4384 A
4384 4385 C
4385 4386 A
4386 4387 G
4387 4388 C
4388 4389 G
4389 4390 G
4390 4391 T
4391 4392 C
4392 4393 G
4393 4394 A
4394 4395 G
4395 4396 C
4396 4397 G
4397 4398 G
4398 4399 A
4399 4400 T
4400 4401 A
4401 4402 G
4402 4403 T
4403 4404 A
4404 4405 G
4405 4406 C
4406 4407 A
4407 4408 G
4408 4409 C
4409 4410 A
4410 4411 C
4411 4412 C
4412 4413 T
4413 4414 T
4414 4415 C
4415 4416 G
4416 4417 C
4417 4418 C
4418 4419 T
4419 4420 A
4420 4421 A
4421 4422 G
4422 4423 G
4423 4424 C
4424 4425 C
4425 4426 A
4426 4427 C
4427 4428 T
4428 4429 G
4429 4430 C
4430 4431 A
4431 4432 G
4432 4433 A
4433 4434 G
4434 4435 G
4435 4436 T
4436 4437 G
4437 4438 G
4438 4439 T
4439 4440 A
544 545 G
545 4521 A
4521 4522 T
4522 4523 T
4523 4524 C
4524 4525 T
4525 4526 A
4526 4527 A
4527 4528 T
4528 4529 C
4529 4530 C
4530 4531 T
4531 4532 A
4532 4533 C
4533 4534 G
4534 4535 C
4535 4536 T
4536 4537 A
4537 4538 C
4538 4539 A
4539 4540 C
4540 4541 C
4541 4542 T
4542 4543 T
4543 4544 T
4544 4545 A
4545 4546 A
4546 4547 C
4547 4548 T
4548 4549 A
4549 4550 T
4550 4551 T
4551 4552 C
4552 4553 T
4553 4554 T
4554 4555 A
4555 4556 G
4556 4557 T
4557 4558 T
4558 4559 T
4559 4560 A
4560 4561 C
4561 4562 T
4562 4563 C
4563 4564 T
4564 4565 T
4565 4566 A
4566 4567 T
4567 4568 T
4568 4569 G
4569 4570 C
4570 4571 T
4571 4572 A
4572 4573 C
4573 4574 A
4574 4575 C
4575 4576 T
4576 4577 G
4577 4578 G
4578 4579 C
4579 4580 A
4580 4581 C
4581 4582 C
4582 4583 C
4583 4584 T
4584 4585 C
4585 4586 T
4586 4587 G
4587 4588 A
4588 4589 C
4589 4590 G
4590 4591 T
4591 4592 C
4592 4593 T
4593 4594 C
4594 4595 C
4595 4596 T
4596 4597 A
4597 4598 G
4598 4599 G
4599 4600 A
4600 4601 A
4601 4602 T
4602 4603 G
4603 4604 T
4604 4605 A
4605 4606 A
4606 4607 A
4607 4608 G
4608 4609 G
4609 4610 C
4610 4611 A
4611 4612 T
4612 4613 C
4521 5310 G
5310 5311 A
5311 5312 T
5312 5313 G
5313 5314 C
5314 5315 G
5315 5316 G
5316 5317 A
5317 5318 A
5318 5319 G
5319 5320 G
5320 5321 G
5321 5322 G
5322 5323 G
5323 5324 T
5324 5325 A
5325 5326 T
5326 5327 A
5327 5328 T
5328 5329 A
5329 5330 G
5330 5331 G
5331 5332 G
5332 5333 C
5333 5334 C
5334 5335 T
5335 5336 A
5336 5337 T
5337 5338 T
5338 5339 G
5339 5340 T
5340 5341 T
5341 5342 A
5342 5343 T
5343 5344 G
5344 5345 T
5345 5346 T
5346 5347 A
5347 5348 C
5348 5349 A
5349 5350 G
5350 5351 T
5351 5352 G
5352 5353 C
5353 5354 G
5354 5355 G
5355 5356 C
5356 5357 A
5357 5358 G
5358 5359 G
5359 5360 T
5360 5361 C
5361 5362 A
5362 5363 G
5363 5364 C
5364 5365 C
5365 5366 C
5366 5367 C
5367 5368 A
5368 5369 T
5369 5370 G
5370 5371 T
5371 5372 G
5372 5373 A
5373 5374 A
5374 5375 A
5375 5376 A
5376 5377 T
5377 5378 A
5378 5379 G
5379 5380 T
5380 5381 C
5381 5382 C
5382 5383 T
5383 5384 A
5384 5385 C
5385 5386 G
5386 5387 G
5387 5388 T
5388 5389 T
5389 5390 G
5390 5391 G
5391 5392 C
5392 5393 G
5393 5394 T
545 546 T
546 547 G
547 548 T
548 549 A
549 550 A
550 551 A
551 552 A
552 553 T
553 554 T
554 555 A
555 556 A
556 557 C
557 558 G
558 559 C
559 560 C
560 561 G
561 562 A
562 563 T
563 564 T
564 565 T
565 566 T
566 567 A
567 568 T
568 569 A
569 570 A
570 571 T
571 572 G
572 573 T
573 574 A
574 575 A
575 576 C
576 577 C
577 578 T
578 579 A
579 580 G
580 581 C
581 582 G
582 583 A
583 584 G
584 585 G
585 586 G
586 587 G
587 588 G
588 589 T
589 590 A
590 591 A
591 592 A
592 593 C
593 594 A
594 595 G
595 596 A
596 597 C
597 598 A
598 599 G
599 600 A
600 601 T
601 602 A
602 603 G
603 604 G
604 605 G
605 606 A
606 607 T
607 608 C
608 609 A
609 610 T
610 611 A
611 612 T
612 613 G
613 614 A
614 615 T
615 616 A
616 617 T
617 618 G
618 619 G
619 620 T
620 621 T
621 622 C
622 623 C
623 624 A
624 625 G
625 626 A
626 627 A
627 628 C
628 629 A
629 630 C
630 631 A
631 632 T
632 633 G
633 634 T
634 635 G
635 636 C
636 637 A
637 638 G
638 639 A
1 452 G
452 453 A
453 4171 A
4171 4172 A
4172 4173 G
4173 4174 G
4174 4175 C
4175 4176 G
4176 4177 T
4177 4178 A
4178 4179 T
4179 4180 T
4180 4181 G
4181 4182 T
4182 4183 T
4183 4184 A
4184 4185 T
4185 4186 C
4186 4187 A
4187 4188 C
4188 4189 T
4189 4190 G
4190 4191 A
4191 4192 C
4192 4193 T
4193 4194 A
4194 4195 A
4195 4196 T
4196 4197 C
4197 4198 C
4198 4199 T
4199 4200 T
4200 4201 T
4201 4202 A
4202 4203 T
4203 4204 A
4204 4205 G
4205 4206 G
4206 4207 T
4207 4208 C
4208 4209 T
4209 4210 G
4210 4211 G
4211 4212 G
4212 4213 C
4213 4214 A
4214 4215 T
4215 4216 T
4216 4217 A
4217 4218 T
4218 4219 A
4219 4220 T
4220 4221 A
4221 4222 C
4222 4223 G
4223 4224 G
4224 4225 A
4225 4226 G
4226 4227 A
4227 4228 G
4228 4229 T
4229 4230 T
4230 4231 T
4231 4232 T
4232 4233 C
4233 4234 C
4234 4235 A
4235 4236 T
4236 4237 G
4237 4238 G
4238 4239 G
4239 4240 T
4240 4241 G
4241 4242 G
4242 4243 C
4243 4244 T
4244 4245 T
4245 4246 G
4246 4247 G
4247 4248 A
4248 4249 T
4249 4250 A
4250 4251 C
4251 4252 C
4252 4253 C
4253 4254 G
4254 4255 C
453 1621 C
1621 1622 C
1622 1623 A
1623 1624 C
1624 1625 T
1625 1626 G
1626 1627 A
1627 1628 C
1628 1629 T
1629 1630 A
1630 1631 A
1631 1632 G
1632 1633 T
1633 1634 C
1634 1635 G
1635 1636 A
1636 1637 C
1637 1638 G
1638 1639 C
1639 1640 G
1640 1641 G
1641 1642 G
1642 1643 G
1643 1644 C
1644 1645 T
1645 1646 G
1646 1647 C
1647 1648 C
1648 1649 G
1649 1650 T
1650 1651 G
1651 1652 C
1652 1653 A
1653 1654 C
1654 1655 A
1655 1656 C
1656 1657 C
1657 1658 G
1658 1659 C
1659 1660 T
1660 1661 A
1661 1662 T
1662 1663 T
1663 1664 G
1664 1665 T
1665 1666 A
1666 1667 G
1667 1668 G
1668 1669 G
1669 1670 C
1670 1671 A
1671 1672 A
1672 1673 C
1673 1674 C
1674 1675 T
1675 1676 T
1676 1677 C
1677 1678 C
1678 1679 G
1679 1680 G
1680 1681 A
1681 1682 C
1682 1683 C
1683 1684 T
1684 1685 G
1685 1686 C
1686 1687 G
1687 1688 T
1688 1689 C
1689 1690 G
1690 1691 T
1691 1692 T
1692 1693 G
1693 1694 G
1694 1695 C
1695 1696 A
1696 1697 C
1697 1698 A
1698 1699 A
1699 1700 A
1700 1701 T
1701 1702 A
1702 1703 A
1703 1704 T
1704 1705 C
1705 1706 C
1706 1707 C
1707 1708 G
453 454 T
454 6909 A
6909 6910 G
6910 6911 C
6911 6912 T
6912 6913 G
6913 6914 C
6914 6915 G
6915 6916 A
6916 6917 T
6917 6918 A
6918 6919 T
6919 6920 T
6920 6921 A
6921 6922 A
6922 6923 A
6923 6924 T
6924 6925 A
6925 6926 C
6926 6927 C
6927 6928 C
6928 6929 C
6929 6930 A
6930 6931 C
6931 6932 A
6932 6933 T
6933 6934 G
6934 6935 G
6935 6936 C
6936 6937 T
6937 6938 G
6938 6939 T
6939 6940 G
6940 6941 T
6941 6942 C
6942 6943 T
6943 6944 G
6944 6945 A
6945 6946 T
6946 6947 G
6947 6948 A
6948 6949 C
6949 6950 C
6950 6951 T
6951 6952 G
6952 6953 G
6953 6954 C
6954 6955 A
6955 6956 C
6956 6957 C
6957 6958 A
6958 6959 G
6959 6960 T
6960 6961 A
6961 6962 G
6962 6963 C
6963 6964 C
6964 6965 G
6965 6966 A
6966 6967 T
6967 6968 C
6968 6969 G
6969 6970 C
6970 6971 A
6971 6972 G
6972 6973 T
6973 6974 A
6974 6975 A
6975 6976 A
6976 6977 A
6977 6978 C
6978 6979 A
6979 6980 C
6980 6981 G
6981 6982 C
6982 6983 C
6983 6984 A
6984 6985 C
6985 6986 G
6986 6987 T
6987 6988 A
6988 6989 C
6989 6990 T
6990 6991 T
6991 6992 G
6992 6993 A
6993 6994 C
6994 6995 G
6995 6996 C
6996 6997 G
6997 6998 G
6998 6999 G
6999 7000 T
7000 7001 C
7001 7002 C
7002 7003 C
454 455 C
455 5220 A
5220 5221 A
5221 5222 G
5222 5223 A
5223 5224 C
5224 5225 A
5225 5226 C
5226 5227 G
5227 5228 T
5228 5229 G
5229 5230 G
5230 5231 C
5231 5232 C
5232 5233 G
5233 5234 T
5234 5235 C
5235 5236 C
5236 5237 A
5237 5238 A
5238 5239 T
5239 5240 G
5240 5241 G
5241 5242 G
5242 5243 A
5243 5244 C
5244 5245 A
5245 5246 A
5246 5247 A
5247 5248 C
5248 5249 T
5249 5250 C
5250 5251 A
5251 5252 C
5252 5253 T
5253 5254 A
5254 5255 C
5255 5256 G
5256 5257 G
5257 5258 A
5258 5259 A
5259 5260 A
5260 5261 T
5261 5262 G
5262 5263 T
5263 5264 T
5264 5265 G
5265 5266 A
5266 5267 T
5267 5268 G
5268 5269 C
5269 5270 T
5270 5271 C
5271 5272 T
5272 5273 T
5273 5274 G
5274 5275 A
5275 5276 A
5276 5277 A
5277 5278 A
5278 5279 C
5279 5280 G
5280 5281 C
5281 5282 G
5282 5283 C
5283 5284 A
5284 5285 G
5285 5286 C
5286 5287 T
5287 5288 G
5288 5289 T
5289 5290 G
5290 5291 C
5291 5292 T
5292 5293 A
5293 5294 A
5294 5295 A
5295 5296 T
5296 5297 T
5297 5298 G
5298 5299 C
5299 5300 T
5300 5301 A
5301 5302 G
5302 5303 C
5303 5304 C
5304 5305 G
5305 5306 A
5306 5307 C
5307 5308 T
5308 5309 A
455 456 C
456 457 G
457 458 A
458 459 C
459 460 G
460 461 G
461 462 T
462 463 C
463 464 A
464 465 G
465 466 A
466 467 T
467 468 T
468 469 C
469 470 T
470 471 G
471 472 T
472 473 C
473 474 G
474 475 C
475 476 G
476 477 C
477 478 G
478 479 C
479 480 T
480 481 C
481 482 G
482 483 A
483 484 G
484 485 G
485 486 T
486 487 C
487 488 G
488 489 C
489 490 G
490 491 T
491 492 G
492 493 T
493 494 A
494 495 G
495 496 C
496 497 A
497 498 C
498 499 A
499 500 G
500 501 G
501 502 T
502 503 C
503 504 G
504 505 C
505 506 G
506 507 G
507 508 T
508 509 A
509 510 T
510 511 A
511 512 C
512 513 G
513 514 G
514 515 A
515 516 A
516 517 G
517 518 G
518 519 C
519 520 A
520 521 T
521 522 C
522 523 A
523 524 A
524 525 C
525 526 C
526 527 A
527 528 C
528 529 A
529 530 A
530 531 A
531 532 A
532 533 C
533 534 G
534 535 C
535 536 A
536 537 G
537 538 C
538 539 G
539 540 T
540 541 G
541 542 A
542 543 A
453 4441 G
4441 4442 A
4442 4443 A
4443 4444 T
4444 4445 G
4445 4446 T
4446 4447 T
4447 4448 A
4448 4449 C
4449 4450 G
4450 4451 T
4451 4452 T
4452 4453 A
4453 4454 T
4454 4455 C
4455 4456 A
4456 4457 T
4457 4458 A
4458 4459 C
4459 4460 G
4460 4461 C
4461 4462 C
4462 4463 T
4463 4464 C
4464 4465 C
4465 4466 C
4466 4467 G
4467 4468 A
4468 4469 C
4469 4470 G
4470 4471 C
4471 4472 A
4472 4473 G
4473 4474 A
4474 4475 T
4475 4476 G
4476 4477 G
4477 4478 A
4478 4479 G
4479 4480 C
4480 4481 T
4481 4482 C
4482 4483 G
4483 4484 A
4484 4485 G
4485 4486 G
4486 4487 T
4487 4488 C
4488 4489 T
4489 4490 A
4490 4491 A
4491 4492 A
4492 4493 A
4493 4494 G
4494 4495 T
4495 4496 G
4496 4497 T
4497 4498 G
4498 4499 G
4499 4500 G
4500 4501 C
4501 4502 G
4502 4503 C
4503 4504 G
4504 4505 G
4505 4506 C
4506 4507 T
4507 4508 G
4508 4509 C
4509 4510 T
4510 4511 A
4511 4512 A
4512 4513 T
4513 4514 A
4514 4515 C
4515 4516 T
4516 4517 T
4517 4518 G
4518 4519 A
4519 4520 A
452 1345 C
1345 1346 G
1346 1347 G
1347 1348 C
1348 1349 T
1349 1350 A
1350 1351 T
1351 1352 C
1352 1353 C
1353 1354 G
1354 1355 C
1355 1356 T
1356 1357 T
1357 1358 A
1358 1359 G
1359 1360 G
1360 1361 C
1361 1362 A
1362 1363 G
1363 1364 A
1364 1365 A
1365 1366 A
1366 1367 G
1367 1368 G
1368 1369 G
1369 1370 G
1370 1371 C
1371 1372 A
1372 1373 G
1373 1374 C
1374 1375 T
1375 1376 G
1376 1377 T
1377 1378 C
1378 1379 C
1379 1380 T
1380 1381 A
1381 1382 C
1382 1383 G
1383 1384 T
1384 1385 T
1385 1386 G
1386 1387 G
1387 1388 T
1388 1389 C
1389 1390 A
1390 1391 G
1391 1392 G
1392 1393 T
1393 1394 T
1394 1395 C
1395 1396 A
1396 1397 A
1397 1398 G
1398 1399 T
1399 1400 C
1400 1401 T
1401 1402 T
1402 1403 T
1403 1404 C
1404 1405 G
1405 1406 G
1406 1407 G
1407 1408 C
1408 1409 C
1409 1410 G
1410 1411 C
1411 1412 T
1412 1413 C
1413 1414 T
1414 1415 A
1415 1416 C
1416 1417 T
1417 1418 C
1418 1419 A
1419 1420 G
1420 1421 G
1421 1422 C
1422 1423 A
1423 1424 C
1424 1425 G
1425 1426 T
1426 1427 T
1427 1428 C
1428 1429 G
1429 1430 T
1430 1431 G
1431 1432 C
1432 1433 C
1433 1434 A
1434 1435 A
1435 1436 T
1436 1437 G
1437 1438 G
1438 1439 C
1439 1440 A
1440 1441 T
1441 1442 C
1442 1443 T
452 721 T
721 722 C
722 723 T
723 724 C
724 725 G
725 726 C
726 727 T
727 728 A
728 729 A
729 730 T
730 731 A
731 732 A
732 733 A
733 734 T
734 735 A
735 736 G
736 737 C
737 738 T
738 739 T
739 740 T
740 741 C
741 742 T
742 743 G
743 744 T
744 745 G
745 746 T
746 747 T
747 748 C
748 749 C
749 750 T
750 751 G
751 752 C
752 753 A
753 754 C
754 755 G
755 756 C
756 757 T
757 758 C
758 759 G
759 760 G
760 761 A
761 762 G
762 763 A
763 764 G
764 765 T
765 766 G
766 767 T
767 768 A
768 769 C
769 770 A
770 771 A
771 772 A
772 773 C
773 774 G
774 775 C
775 776 A
776 777 C
777 778 C
778 779 G
779 780 T
780 781 T
781 782 A
782 783 A
783 784 G
784 785 G
785 786 T
786 787 C
787 788 T
788 789 T
789 790 G
790 791 T
791 792 G
792 793 A
793 794 G
794 795 A
795 796 A
796 797 G
797 798 A
798 799 A
799 800 G
800 801 T
801 802 A
721 6108 T
6108 6109 A
6109 6110 G
6110 6111 A
6111 6112 A
6112 6113 T
6113 6114 C
6114 6115 C
6115 6116 A
6116 6117 A
6117 6118 G
6118 6119 A
6119 6120 A
6120 6121 T
6121 6122 G
6122 6123 C
6123 6124 A
6124 6125 G
6125 6126 A
6126 6127 C
6127 6128 G
6128 6129 C
6129 6130 A
6130 6131 C
6131 6132 G
6132 6133 G
6133 6134 G
6134 6135 T
6135 6136 A
6136 6137 A
6137 6138 A
6138 6139 C
6139 6140 T
6140 6141 T
6141 6142 G
6142 6143 C
6143 6144 C
6144 6145 T
6145 6146 T
6146 6147 A
6147 6148 A
6148 6149 A
6149 6150 G
6150 6151 T
6151 6152 G
6152 6153 C
6153 6154 C
6154 6155 T
6155 6156 T
6156 6157 A
6157 6158 T
6158 6159 T
6159 6160 G
6160 6161 T
6161 6162 T
6162 6163 A
6163 6164 A
6164 6165 G
6165 6166 A
6166 6167 A
6167 6168 T
6168 6169 T
6169 6170 A
6170 6171 T
6171 6172 A
6172 6173 A
6173 6174 T
6174 6175 A
6175 6176 C
6176 6177 A
6177 6178 T
6178 6179 G
6179 6180 G
6180 6181 C
6181 6182 T
6182 6183 C
6183 6184 C
6184 6185 C
6185 6186 T
6186 6187 C
452 640 G
640 641 A
641 642 C
642 5739 T
5739 5740 A
5740 5741 T
5741 5742 G
5742 5743 G
5743 5744 C
5744 5745 A
5745 5746 A
5746 5747 T
5747 5748 G
5748 5749 C
5749 5750 G
5750 5751 G
5751 5752 G
5752 5753 T
5753 5754 T
5754 5755 C
5755 5756 C
5756 5757 T
5757 5758 G
5758 5759 A
5759 5760 A
5760 5761 G
5761 5762 T
5762 5763 T
5763 5764 T
5764 5765 T
5765 5766 G
5766 5767 C
5767 5768 G
5768 5769 C
5769 5770 T
5770 5771 T
5771 5772 T
5772 5773 C
5773 5774 A
5774 5775 G
5775 5776 T
5776 5777 A
5777 5778 T
5778 5779 C
5779 5780 A
5780 5781 G
5781 5782 A
5782 5783 C
5783 5784 G
5784 5785 T
5785 5786 G
5786 5787 T
5787 5788 A
5788 5789 G
5789 5790 G
5790 5791 A
5791 5792 C
5792 5793 C
5793 5794 C
5794 5795 A
5795 5796 T
5796 5797 C
5797 5798 A
5798 5799 A
5799 5800 A
5800 5801 A
5801 5802 C
5802 5803 G
5803 5804 G
5804 5805 C
5805 5806 T
5806 5807 G
5807 5808 C
5808 5809 T
5809 5810 C
5810 5811 A
5811 5812 T
5812 5813 A
5813 5814 G
5814 5815 G
5815 5816 T
5816 5817 G
5817 5818 T
5818 5819 C
5819 5820 C
642 643 G
643 644 C
644 645 T
645 646 A
646 647 C
647 648 G
648 649 G
649 650 C
650 651 A
651 652 C
652 653 G
653 654 C
654 655 A
655 656 G
656 657 C
657 658 C
658 659 A
659 660 G
660 661 A
661 662 C
662 663 C
663 664 G
664 665 C
665 666 G
666 667 G
667 668 G
668 669 T
669 670 C
670 671 A
671 672 A
672 673 C
673 674 G
674 675 T
675 676 A
676 677 T
677 678 C
678 679 T
679 680 T
680 681 C
681 682 A
682 683 C
683 684 T
684 685 C
685 686 C
686 687 A
687 688 C
688 689 G
689 690 G
690 691 A
691 692 C
692 693 G
693 694 A
694 695 C
695 696 T
696 697 T
697 698 T
698 699 A
699 700 A
700 701 T
701 702 A
702 703 C
703 704 G
704 705 G
705 706 C
706 707 A
707 708 G
708 709 T
709 710 G
710 711 A
711 712 C
712 713 C
713 714 G
714 715 T
715 716 G
716 717 C
717 718 G
718 719 A
719 720 T
641 3988 G
3988 3989 A
3989 3990 T
3990 3991 C
3991 3992 C
3992 3993 G
3993 3994 A
3994 3995 A
3995 3996 A
3996 3997 G
3997 3998 G
3998 3999 T
3999 4000 C
4000 4001 G
4001 4002 T
4002 4003 G
4003 4004 A
4004 4005 G
4005 4006 C
4006 4007 A
4007 4008 A
4008 4009 G
4009 4010 T
4010 4011 T
4011 4012 C
4012 4013 G
4013 4014 G
4014 4015 A
4015 4016 G
4016 4017 C
4017 4018 G
4018 4019 T
4019 4020 G
4020 4021 T
4021 4022 G
4022 4023 C
4023 4024 C
4024 4025 A
4025 4026 A
4026 4027 C
4027 4028 G
4028 4029 A
4029 4030 A
4030 4031 A
4031 4032 C
4032 4033 G
4033 4034 G
4034 4035 G
4035 4036 T
4036 4037 T
4037 4038 T
4038 4039 T
4039 4040 T
4040 4041 T
4041 4042 G
4042 4043 G
4043 4044 G
4044 4045 C
4045 4046 A
4046 4047 G
4047 4048 G
4048 4049 G
4049 4050 G
4050 4051 C
4051 4052 A
4052 4053 A
4053 4054 C
4054 4055 A
4055 4056 C
4056 4057 G
4057 4058 C
4058 4059 G
4059 4060 G
4060 4061 T
4061 4062 G
4062 4063 A
4063 4064 T
4064 4065 G
4065 4066 A
4066 4067 G
4067 4068 A
4068 4069 G
4069 4070 C
4070 4071 C
4071 4072 A
4072 4073 A
4073 4074 T
4074 4075 T
4075 4076 T
4076 4077 A
640 3271 T
3271 3272 A
3272 3273 T
3273 3274 C
3274 3275 T
3275 3276 C
3276 3277 C
3277 3278 A
3278 3279 A
3279 3280 C
3280 3281 G
3281 3282 C
3282 3283 G
3283 3284 G
3284 3285 C
3285 3286 T
3286 3287 C
3287 3288 C
3288 3289 C
3289 3290 G
3290 3291 G
3291 3292 G
3292 3293 G
3293 3294 G
3294 3295 C
3295 3296 G
3296 3297 A
3297 3298 C
3298 3299 T
3299 3300 G
3300 3301 A
3301 3302 A
3302 3303 C
3303 3304 T
3304 3305 T
3305 3306 T
3306 3307 T
3307 3308 T
3308 3309 C
3309 3310 A
3310 3311 A
3311 3312 C
3312 3313 A
3313 3314 G
3314 3315 A
3315 3316 G
3316 3317 T
3317 3318 G
3318 3319 A
3319 3320 A
3320 3321 C
3321 3322 C
3322 3323 A
3323 3324 A
3324 3325 G
3325 3326 A
3326 3327 T
3327 3328 T
3328 3329 T
3329 3330 A
3330 3331 T
3331 3332 A
3332 3333 T
3333 3334 A
3334 3335 C
3335 3336 C
3336 3337 G
3337 3338 G
3338 3339 A
3339 3340 T
3340 3341 T
3341 3342 G
3342 3343 T
3343 3344 C
3344 3345 G
3345 3346 C
3346 3347 C
3347 3348 T
3348 3349 C
3349 3350 G
3350 3351 T
3351 3352 T
3352 3353 G
3353 3354 T
3354 3355 A
3355 3356 T
3356 3357 A
3357 3358 A
3358 3359 G
3359 3360 A
3360 3361 A
3361 3362 A
3362 3363 C
3363 3364 C
3364 3365 C
3365 3366 A
3366 3367 A
3271 4779 G
4779 4780 A
4780 4781 G
4781 4782 A
4782 4783 A
4783 4784 A
4784 4785 G
4785 4786 G
4786 4787 C
4787 4788 C
4788 4789 A
4789 4790 T
4790 4791 A
4791 4792 C
4792 4793 A
4793 4794 G
4794 4795 G
4795 4796 G
4796 4797 A
4797 4798 A
4798 4799 A
4799 4800 G
4800 4801 T
4801 4802 T
4802 4803 C
4803 4804 C
4804 4805 T
4805 4806 C
4806 4807 A
4807 4808 T
4808 4809 C
4809 4810 T
4810 4811 C
4811 4812 A
4812 4813 A
4813 4814 C
4814 4815 A
4815 4816 C
4816 4817 A
4817 4818 T
4818 4819 G
4819 4820 T
4820 4821 G
4821 4822 A
4822 4823 C
4823 4824 A
4824 4825 A
4825 4826 T
4826 4827 C
4827 4828 T
4828 4829 G
4829 4830 A
4830 4831 A
4831 4832 C
4832 4833 C
4833 4834 G
4834 4835 A
4835 4836 G
4836 4837 T
4837 4838 G
4838 4839 G
4839 4840 C
4840 4841 T
4841 4842 A
4842 4843 A
4843 4844 A
4844 4845 C
4845 4846 A
4846 4847 C
4847 4848 A
4848 4849 G
4849 4850 T
4850 4851 A
4851 4852 T
4852 4853 G
4853 4854 T
4854 4855 G
4855 4856 G
4856 4857 C
4857 4858 T
4858 4859 T
4859 4860 C
4860 4861 T
4779 6557 T
6557 6558 C
6558 6559 A
6559 6560 A
6560 6561 C
6561 6562 G
6562 6563 T
6563 6564 A
6564 6565 C
6565 6566 T
6566 6567 G
6567 6568 A
6568 6569 A
6569 6570 T
6570 6571 C
6571 6572 A
6572 6573 G
6573 6574 T
6574 6575 T
6575 6576 T
6576 6577 A
6577 6578 C
6578 6579 C
6579 6580 C
6580 6581 A
6581 6582 G
6582 6583 T
6583 6584 G
6584 6585 A
6585 6586 A
6586 6587 G
6587 6588 C
6588 6589 A
6589 6590 A
6590 6591 T
6591 6592 A
6592 6593 A
6593 6594 A
6594 6595 A
6595 6596 T
6596 6597 G
6597 6598 T
6598 6599 G
6599 6600 A
6600 6601 A
6601 6602 A
6602 6603 A
6603 6604 C
6604 6605 C
6605 6606 A
6606 6607 T
6607 6608 G
6608 6609 T
6609 6610 C
6610 6611 T
6611 6612 A
6612 6613 A
6613 6614 C
6614 6615 T
6615 6616 C
6616 6617 A
6617 6618 C
6618 6619 A
6619 6620 T
6620 6621 G
6621 6622 G
6622 6623 C
6623 6624 A
6624 6625 C
6625 6626 G
6626 6627 G
6627 6628 T
6628 6629 C
6629 6630 T
6630 6631 C
6631 6632 C
640 2579 G
2579 2580 G
2580 2581 A
2581 2582 T
2582 2583 C
2583 2584 A
2584 2585 T
2585 2586 A
2586 2587 A
2587 2588 T
2588 2589 A
2589 2590 C
2590 2591 T
2591 2592 C
2592 2593 A
2593 2594 G
2594 2595 A
2595 2596 C
2596 2597 G
2597 2598 A
2598 2599 G
2599 2600 G
2600 2601 T
2601 2602 A
2602 2603 T
2603 2604 A
2604 2605 G
2605 2606 C
2606 2607 C
2607 2608 T
2608 2609 T
2609 2610 A
2610 2611 T
2611 2612 A
2612 2613 G
2613 2614 C
2614 2615 A
2615 2616 G
2616 2617 A
2617 2618 C
2618 2619 C
2619 2620 C
2620 2621 C
2621 2622 T
2622 2623 G
2623 2624 T
2624 2625 G
2625 2626 T
2626 2627 A
2627 2628 T
2628 2629 C
2629 2630 T
2630 2631 G
2631 2632 G
2632 2633 G
2633 2634 C
2634 2635 G
2635 2636 A
2636 2637 A
2637 2638 C
2638 2639 C
2639 2640 C
2640 2641 G
2641 2642 T
2642 2643 A
2643 2644 A
2644 2645 A
2645 2646 T
2646 2647 T
2647 2648 T
2648 2649 T
2649 2650 A
2650 2651 A
2651 2652 T
2652 2653 T
2653 2654 C
2654 2655 C
2655 2656 C
2656 2657 C
2657 2658 C
2658 2659 A
2659 2660 A
2660 2661 G
2661 2662 C
2662 2663 T
